{"/home/runner/workspace/client/src/lib/audioCapture.ts": {"path":"/home/runner/workspace/client/src/lib/audioCapture.ts","statementMap":{"0":{"start":{"line":27,"column":43},"end":{"line":27,"column":47}},"1":{"start":{"line":28,"column":44},"end":{"line":28,"column":46}},"2":{"start":{"line":29,"column":28},"end":{"line":29,"column":33}},"3":{"start":{"line":45,"column":4},"end":{"line":51,"column":6}},"4":{"start":{"line":58,"column":4},"end":{"line":75,"column":5}},"5":{"start":{"line":60,"column":6},"end":{"line":60,"column":65}},"6":{"start":{"line":63,"column":22},"end":{"line":63,"column":69}},"7":{"start":{"line":64,"column":6},"end":{"line":64,"column":81}},"8":{"start":{"line":64,"column":51},"end":{"line":64,"column":79}},"9":{"start":{"line":66,"column":6},"end":{"line":66,"column":31}},"10":{"start":{"line":68,"column":6},"end":{"line":68,"column":59}},"11":{"start":{"line":70,"column":6},"end":{"line":72,"column":7}},"12":{"start":{"line":71,"column":8},"end":{"line":71,"column":88}},"13":{"start":{"line":74,"column":6},"end":{"line":74,"column":16}},"14":{"start":{"line":82,"column":4},"end":{"line":128,"column":5}},"15":{"start":{"line":83,"column":6},"end":{"line":86,"column":7}},"16":{"start":{"line":84,"column":8},"end":{"line":84,"column":53}},"17":{"start":{"line":85,"column":8},"end":{"line":85,"column":20}},"18":{"start":{"line":89,"column":6},"end":{"line":114,"column":9}},"19":{"start":{"line":91,"column":10},"end":{"line":91,"column":29}},"20":{"start":{"line":92,"column":10},"end":{"line":94,"column":11}},"21":{"start":{"line":93,"column":12},"end":{"line":93,"column":35}},"22":{"start":{"line":97,"column":10},"end":{"line":97,"column":30}},"23":{"start":{"line":98,"column":10},"end":{"line":100,"column":11}},"24":{"start":{"line":99,"column":12},"end":{"line":99,"column":34}},"25":{"start":{"line":103,"column":10},"end":{"line":106,"column":11}},"26":{"start":{"line":104,"column":27},"end":{"line":104,"column":65}},"27":{"start":{"line":105,"column":12},"end":{"line":105,"column":49}},"28":{"start":{"line":109,"column":10},"end":{"line":111,"column":11}},"29":{"start":{"line":110,"column":12},"end":{"line":110,"column":40}},"30":{"start":{"line":117,"column":6},"end":{"line":117,"column":34}},"31":{"start":{"line":119,"column":6},"end":{"line":119,"column":18}},"32":{"start":{"line":121,"column":6},"end":{"line":121,"column":60}},"33":{"start":{"line":123,"column":6},"end":{"line":125,"column":7}},"34":{"start":{"line":124,"column":8},"end":{"line":124,"column":88}},"35":{"start":{"line":127,"column":6},"end":{"line":127,"column":19}},"36":{"start":{"line":135,"column":4},"end":{"line":153,"column":5}},"37":{"start":{"line":136,"column":6},"end":{"line":139,"column":7}},"38":{"start":{"line":137,"column":8},"end":{"line":137,"column":49}},"39":{"start":{"line":138,"column":8},"end":{"line":138,"column":21}},"40":{"start":{"line":141,"column":6},"end":{"line":141,"column":27}},"41":{"start":{"line":142,"column":6},"end":{"line":142,"column":26}},"42":{"start":{"line":144,"column":6},"end":{"line":144,"column":18}},"43":{"start":{"line":146,"column":6},"end":{"line":146,"column":60}},"44":{"start":{"line":148,"column":6},"end":{"line":150,"column":7}},"45":{"start":{"line":149,"column":8},"end":{"line":149,"column":88}},"46":{"start":{"line":152,"column":6},"end":{"line":152,"column":19}},"47":{"start":{"line":160,"column":4},"end":{"line":160,"column":23}},"48":{"start":{"line":168,"column":4},"end":{"line":168,"column":44}},"49":{"start":{"line":174,"column":48},"end":{"line":174,"column":52}},"50":{"start":{"line":175,"column":39},"end":{"line":175,"column":43}},"51":{"start":{"line":176,"column":35},"end":{"line":176,"column":37}},"52":{"start":{"line":180,"column":4},"end":{"line":183,"column":6}},"53":{"start":{"line":190,"column":4},"end":{"line":240,"column":5}},"54":{"start":{"line":192,"column":6},"end":{"line":192,"column":79}},"55":{"start":{"line":195,"column":6},"end":{"line":195,"column":58}},"56":{"start":{"line":196,"column":6},"end":{"line":196,"column":31}},"57":{"start":{"line":199,"column":6},"end":{"line":208,"column":8}},"58":{"start":{"line":200,"column":8},"end":{"line":207,"column":9}},"59":{"start":{"line":201,"column":10},"end":{"line":201,"column":47}},"60":{"start":{"line":204,"column":10},"end":{"line":206,"column":11}},"61":{"start":{"line":205,"column":12},"end":{"line":205,"column":53}},"62":{"start":{"line":210,"column":6},"end":{"line":224,"column":8}},"63":{"start":{"line":212,"column":26},"end":{"line":212,"column":79}},"64":{"start":{"line":215,"column":8},"end":{"line":217,"column":9}},"65":{"start":{"line":216,"column":10},"end":{"line":216,"column":41}},"66":{"start":{"line":220,"column":8},"end":{"line":223,"column":9}},"67":{"start":{"line":221,"column":10},"end":{"line":221,"column":65}},"68":{"start":{"line":221,"column":51},"end":{"line":221,"column":63}},"69":{"start":{"line":222,"column":10},"end":{"line":222,"column":29}},"70":{"start":{"line":227,"column":6},"end":{"line":227,"column":55}},"71":{"start":{"line":230,"column":6},"end":{"line":232,"column":7}},"72":{"start":{"line":231,"column":8},"end":{"line":231,"column":31}},"73":{"start":{"line":234,"column":6},"end":{"line":234,"column":62}},"74":{"start":{"line":237,"column":6},"end":{"line":239,"column":7}},"75":{"start":{"line":238,"column":8},"end":{"line":238,"column":36}},"76":{"start":{"line":247,"column":4},"end":{"line":249,"column":5}},"77":{"start":{"line":248,"column":6},"end":{"line":248,"column":32}},"78":{"start":{"line":256,"column":4},"end":{"line":258,"column":5}},"79":{"start":{"line":257,"column":6},"end":{"line":257,"column":33}},"80":{"start":{"line":265,"column":4},"end":{"line":267,"column":5}},"81":{"start":{"line":266,"column":6},"end":{"line":266,"column":34}},"82":{"start":{"line":274,"column":4},"end":{"line":274,"column":83}},"83":{"start":{"line":281,"column":4},"end":{"line":283,"column":5}},"84":{"start":{"line":282,"column":6},"end":{"line":282,"column":18}},"85":{"start":{"line":285,"column":4},"end":{"line":285,"column":65}},"86":{"start":{"line":292,"column":4},"end":{"line":305,"column":7}},"87":{"start":{"line":293,"column":21},"end":{"line":293,"column":37}},"88":{"start":{"line":294,"column":6},"end":{"line":302,"column":8}},"89":{"start":{"line":295,"column":8},"end":{"line":301,"column":9}},"90":{"start":{"line":297,"column":29},"end":{"line":297,"column":56}},"91":{"start":{"line":298,"column":10},"end":{"line":298,"column":30}},"92":{"start":{"line":300,"column":10},"end":{"line":300,"column":64}},"93":{"start":{"line":303,"column":6},"end":{"line":303,"column":30}},"94":{"start":{"line":304,"column":6},"end":{"line":304,"column":33}},"95":{"start":{"line":312,"column":4},"end":{"line":323,"column":7}},"96":{"start":{"line":313,"column":21},"end":{"line":313,"column":37}},"97":{"start":{"line":314,"column":6},"end":{"line":320,"column":8}},"98":{"start":{"line":315,"column":8},"end":{"line":319,"column":9}},"99":{"start":{"line":316,"column":10},"end":{"line":316,"column":33}},"100":{"start":{"line":318,"column":10},"end":{"line":318,"column":69}},"101":{"start":{"line":321,"column":6},"end":{"line":321,"column":30}},"102":{"start":{"line":322,"column":6},"end":{"line":322,"column":37}},"103":{"start":{"line":329,"column":50},"end":{"line":329,"column":54}},"104":{"start":{"line":331,"column":33},"end":{"line":331,"column":38}},"105":{"start":{"line":334,"column":4},"end":{"line":339,"column":6}},"106":{"start":{"line":342,"column":4},"end":{"line":342,"column":33}},"107":{"start":{"line":350,"column":30},"end":{"line":350,"column":88}},"108":{"start":{"line":352,"column":4},"end":{"line":355,"column":5}},"109":{"start":{"line":353,"column":6},"end":{"line":353,"column":72}},"110":{"start":{"line":354,"column":6},"end":{"line":354,"column":13}},"111":{"start":{"line":358,"column":4},"end":{"line":358,"column":47}},"112":{"start":{"line":361,"column":4},"end":{"line":361,"column":61}},"113":{"start":{"line":362,"column":4},"end":{"line":362,"column":66}},"114":{"start":{"line":363,"column":4},"end":{"line":363,"column":74}},"115":{"start":{"line":366,"column":4},"end":{"line":375,"column":6}},"116":{"start":{"line":367,"column":26},"end":{"line":367,"column":43}},"117":{"start":{"line":368,"column":25},"end":{"line":368,"column":65}},"118":{"start":{"line":369,"column":22},"end":{"line":369,"column":56}},"119":{"start":{"line":372,"column":6},"end":{"line":374,"column":7}},"120":{"start":{"line":373,"column":8},"end":{"line":373,"column":51}},"121":{"start":{"line":377,"column":4},"end":{"line":384,"column":6}},"122":{"start":{"line":378,"column":6},"end":{"line":378,"column":30}},"123":{"start":{"line":381,"column":6},"end":{"line":383,"column":7}},"124":{"start":{"line":382,"column":8},"end":{"line":382,"column":31}},"125":{"start":{"line":386,"column":4},"end":{"line":398,"column":6}},"126":{"start":{"line":387,"column":6},"end":{"line":387,"column":31}},"127":{"start":{"line":390,"column":6},"end":{"line":392,"column":7}},"128":{"start":{"line":391,"column":8},"end":{"line":391,"column":29}},"129":{"start":{"line":395,"column":6},"end":{"line":397,"column":7}},"130":{"start":{"line":396,"column":8},"end":{"line":396,"column":34}},"131":{"start":{"line":400,"column":4},"end":{"line":407,"column":6}},"132":{"start":{"line":401,"column":6},"end":{"line":401,"column":62}},"133":{"start":{"line":404,"column":6},"end":{"line":406,"column":7}},"134":{"start":{"line":405,"column":8},"end":{"line":405,"column":53}},"135":{"start":{"line":414,"column":4},"end":{"line":417,"column":5}},"136":{"start":{"line":415,"column":6},"end":{"line":415,"column":75}},"137":{"start":{"line":416,"column":6},"end":{"line":416,"column":13}},"138":{"start":{"line":419,"column":4},"end":{"line":431,"column":5}},"139":{"start":{"line":420,"column":6},"end":{"line":430,"column":7}},"140":{"start":{"line":421,"column":8},"end":{"line":421,"column":33}},"141":{"start":{"line":422,"column":8},"end":{"line":422,"column":32}},"142":{"start":{"line":424,"column":8},"end":{"line":424,"column":67}},"143":{"start":{"line":427,"column":8},"end":{"line":429,"column":9}},"144":{"start":{"line":428,"column":10},"end":{"line":428,"column":38}},"145":{"start":{"line":438,"column":4},"end":{"line":445,"column":5}},"146":{"start":{"line":439,"column":6},"end":{"line":444,"column":7}},"147":{"start":{"line":440,"column":8},"end":{"line":440,"column":32}},"148":{"start":{"line":441,"column":8},"end":{"line":441,"column":33}},"149":{"start":{"line":443,"column":8},"end":{"line":443,"column":67}},"150":{"start":{"line":452,"column":4},"end":{"line":452,"column":28}},"151":{"start":{"line":459,"column":4},"end":{"line":468,"column":5}},"152":{"start":{"line":460,"column":6},"end":{"line":460,"column":39}},"153":{"start":{"line":461,"column":6},"end":{"line":461,"column":39}},"154":{"start":{"line":464,"column":6},"end":{"line":467,"column":7}},"155":{"start":{"line":465,"column":8},"end":{"line":465,"column":20}},"156":{"start":{"line":466,"column":8},"end":{"line":466,"column":21}},"157":{"start":{"line":475,"column":4},"end":{"line":478,"column":6}},"158":{"start":{"line":480,"column":4},"end":{"line":492,"column":5}},"159":{"start":{"line":481,"column":6},"end":{"line":483,"column":7}},"160":{"start":{"line":482,"column":8},"end":{"line":482,"column":49}},"161":{"start":{"line":485,"column":6},"end":{"line":487,"column":7}},"162":{"start":{"line":486,"column":8},"end":{"line":486,"column":57}},"163":{"start":{"line":489,"column":6},"end":{"line":491,"column":7}},"164":{"start":{"line":490,"column":8},"end":{"line":490,"column":65}}},"fnMap":{"0":{"name":"(anonymous_0)","decl":{"start":{"line":38,"column":2},"end":{"line":38,"column":3}},"loc":{"start":{"line":44,"column":10},"end":{"line":52,"column":3}},"line":44},"1":{"name":"(anonymous_1)","decl":{"start":{"line":57,"column":2},"end":{"line":57,"column":3}},"loc":{"start":{"line":57,"column":54},"end":{"line":76,"column":3}},"line":57},"2":{"name":"(anonymous_2)","decl":{"start":{"line":64,"column":41},"end":{"line":64,"column":42}},"loc":{"start":{"line":64,"column":51},"end":{"line":64,"column":79}},"line":64},"3":{"name":"(anonymous_3)","decl":{"start":{"line":81,"column":2},"end":{"line":81,"column":3}},"loc":{"start":{"line":81,"column":51},"end":{"line":129,"column":3}},"line":81},"4":{"name":"(anonymous_4)","decl":{"start":{"line":90,"column":17},"end":{"line":90,"column":18}},"loc":{"start":{"line":90,"column":23},"end":{"line":95,"column":9}},"line":90},"5":{"name":"(anonymous_5)","decl":{"start":{"line":96,"column":16},"end":{"line":96,"column":17}},"loc":{"start":{"line":96,"column":26},"end":{"line":101,"column":9}},"line":96},"6":{"name":"(anonymous_6)","decl":{"start":{"line":102,"column":25},"end":{"line":102,"column":26}},"loc":{"start":{"line":102,"column":41},"end":{"line":107,"column":9}},"line":102},"7":{"name":"(anonymous_7)","decl":{"start":{"line":108,"column":17},"end":{"line":108,"column":18}},"loc":{"start":{"line":108,"column":28},"end":{"line":112,"column":9}},"line":108},"8":{"name":"(anonymous_8)","decl":{"start":{"line":134,"column":2},"end":{"line":134,"column":3}},"loc":{"start":{"line":134,"column":18},"end":{"line":154,"column":3}},"line":134},"9":{"name":"(anonymous_9)","decl":{"start":{"line":159,"column":2},"end":{"line":159,"column":3}},"loc":{"start":{"line":159,"column":22},"end":{"line":161,"column":3}},"line":159},"10":{"name":"(anonymous_10)","decl":{"start":{"line":167,"column":2},"end":{"line":167,"column":3}},"loc":{"start":{"line":167,"column":57},"end":{"line":169,"column":3}},"line":167},"11":{"name":"(anonymous_11)","decl":{"start":{"line":179,"column":2},"end":{"line":179,"column":3}},"loc":{"start":{"line":179,"column":51},"end":{"line":184,"column":3}},"line":179},"12":{"name":"(anonymous_12)","decl":{"start":{"line":189,"column":2},"end":{"line":189,"column":3}},"loc":{"start":{"line":189,"column":31},"end":{"line":241,"column":3}},"line":189},"13":{"name":"(anonymous_13)","decl":{"start":{"line":199,"column":43},"end":{"line":199,"column":44}},"loc":{"start":{"line":199,"column":54},"end":{"line":208,"column":7}},"line":199},"14":{"name":"(anonymous_14)","decl":{"start":{"line":210,"column":34},"end":{"line":210,"column":35}},"loc":{"start":{"line":210,"column":40},"end":{"line":224,"column":7}},"line":210},"15":{"name":"(anonymous_15)","decl":{"start":{"line":221,"column":42},"end":{"line":221,"column":43}},"loc":{"start":{"line":221,"column":51},"end":{"line":221,"column":63}},"line":221},"16":{"name":"(anonymous_16)","decl":{"start":{"line":246,"column":2},"end":{"line":246,"column":3}},"loc":{"start":{"line":246,"column":15},"end":{"line":250,"column":3}},"line":246},"17":{"name":"(anonymous_17)","decl":{"start":{"line":255,"column":2},"end":{"line":255,"column":3}},"loc":{"start":{"line":255,"column":16},"end":{"line":259,"column":3}},"line":255},"18":{"name":"(anonymous_18)","decl":{"start":{"line":264,"column":2},"end":{"line":264,"column":3}},"loc":{"start":{"line":264,"column":17},"end":{"line":268,"column":3}},"line":264},"19":{"name":"(anonymous_19)","decl":{"start":{"line":273,"column":2},"end":{"line":273,"column":3}},"loc":{"start":{"line":273,"column":25},"end":{"line":275,"column":3}},"line":273},"20":{"name":"(anonymous_20)","decl":{"start":{"line":280,"column":2},"end":{"line":280,"column":3}},"loc":{"start":{"line":280,"column":33},"end":{"line":286,"column":3}},"line":280},"21":{"name":"(anonymous_21)","decl":{"start":{"line":291,"column":2},"end":{"line":291,"column":3}},"loc":{"start":{"line":291,"column":57},"end":{"line":306,"column":3}},"line":291},"22":{"name":"(anonymous_22)","decl":{"start":{"line":292,"column":23},"end":{"line":292,"column":24}},"loc":{"start":{"line":292,"column":44},"end":{"line":305,"column":5}},"line":292},"23":{"name":"(anonymous_23)","decl":{"start":{"line":294,"column":25},"end":{"line":294,"column":26}},"loc":{"start":{"line":294,"column":31},"end":{"line":302,"column":7}},"line":294},"24":{"name":"(anonymous_24)","decl":{"start":{"line":311,"column":2},"end":{"line":311,"column":3}},"loc":{"start":{"line":311,"column":67},"end":{"line":324,"column":3}},"line":311},"25":{"name":"(anonymous_25)","decl":{"start":{"line":312,"column":23},"end":{"line":312,"column":24}},"loc":{"start":{"line":312,"column":44},"end":{"line":323,"column":5}},"line":312},"26":{"name":"(anonymous_26)","decl":{"start":{"line":314,"column":25},"end":{"line":314,"column":26}},"loc":{"start":{"line":314,"column":31},"end":{"line":320,"column":7}},"line":314},"27":{"name":"(anonymous_27)","decl":{"start":{"line":333,"column":2},"end":{"line":333,"column":3}},"loc":{"start":{"line":333,"column":54},"end":{"line":343,"column":3}},"line":333},"28":{"name":"(anonymous_28)","decl":{"start":{"line":348,"column":2},"end":{"line":348,"column":3}},"loc":{"start":{"line":348,"column":40},"end":{"line":408,"column":3}},"line":348},"29":{"name":"(anonymous_29)","decl":{"start":{"line":366,"column":32},"end":{"line":366,"column":33}},"loc":{"start":{"line":366,"column":43},"end":{"line":375,"column":5}},"line":366},"30":{"name":"(anonymous_30)","decl":{"start":{"line":377,"column":31},"end":{"line":377,"column":32}},"loc":{"start":{"line":377,"column":37},"end":{"line":384,"column":5}},"line":377},"31":{"name":"(anonymous_31)","decl":{"start":{"line":386,"column":29},"end":{"line":386,"column":30}},"loc":{"start":{"line":386,"column":35},"end":{"line":398,"column":5}},"line":386},"32":{"name":"(anonymous_32)","decl":{"start":{"line":400,"column":31},"end":{"line":400,"column":32}},"loc":{"start":{"line":400,"column":42},"end":{"line":407,"column":5}},"line":400},"33":{"name":"(anonymous_33)","decl":{"start":{"line":413,"column":2},"end":{"line":413,"column":3}},"loc":{"start":{"line":413,"column":16},"end":{"line":432,"column":3}},"line":413},"34":{"name":"(anonymous_34)","decl":{"start":{"line":437,"column":2},"end":{"line":437,"column":3}},"loc":{"start":{"line":437,"column":15},"end":{"line":446,"column":3}},"line":437},"35":{"name":"(anonymous_35)","decl":{"start":{"line":451,"column":2},"end":{"line":451,"column":3}},"loc":{"start":{"line":451,"column":27},"end":{"line":453,"column":3}},"line":451},"36":{"name":"(anonymous_36)","decl":{"start":{"line":458,"column":2},"end":{"line":458,"column":3}},"loc":{"start":{"line":458,"column":41},"end":{"line":469,"column":3}},"line":458},"37":{"name":"(anonymous_37)","decl":{"start":{"line":474,"column":2},"end":{"line":474,"column":3}},"loc":{"start":{"line":474,"column":66},"end":{"line":493,"column":3}},"line":474}},"branchMap":{"0":{"loc":{"start":{"line":38,"column":14},"end":{"line":44,"column":8}},"type":"default-arg","locations":[{"start":{"line":44,"column":6},"end":{"line":44,"column":8}}],"line":38},"1":{"loc":{"start":{"line":46,"column":21},"end":{"line":46,"column":50}},"type":"binary-expr","locations":[{"start":{"line":46,"column":21},"end":{"line":46,"column":42}},{"start":{"line":46,"column":46},"end":{"line":46,"column":50}}],"line":46},"2":{"loc":{"start":{"line":70,"column":6},"end":{"line":72,"column":7}},"type":"if","locations":[{"start":{"line":70,"column":6},"end":{"line":72,"column":7}},{"start":{},"end":{}}],"line":70},"3":{"loc":{"start":{"line":71,"column":29},"end":{"line":71,"column":86}},"type":"cond-expr","locations":[{"start":{"line":71,"column":54},"end":{"line":71,"column":59}},{"start":{"line":71,"column":62},"end":{"line":71,"column":86}}],"line":71},"4":{"loc":{"start":{"line":83,"column":6},"end":{"line":86,"column":7}},"type":"if","locations":[{"start":{"line":83,"column":6},"end":{"line":86,"column":7}},{"start":{},"end":{}}],"line":83},"5":{"loc":{"start":{"line":92,"column":10},"end":{"line":94,"column":11}},"type":"if","locations":[{"start":{"line":92,"column":10},"end":{"line":94,"column":11}},{"start":{},"end":{}}],"line":92},"6":{"loc":{"start":{"line":98,"column":10},"end":{"line":100,"column":11}},"type":"if","locations":[{"start":{"line":98,"column":10},"end":{"line":100,"column":11}},{"start":{},"end":{}}],"line":98},"7":{"loc":{"start":{"line":103,"column":10},"end":{"line":106,"column":11}},"type":"if","locations":[{"start":{"line":103,"column":10},"end":{"line":106,"column":11}},{"start":{},"end":{}}],"line":103},"8":{"loc":{"start":{"line":109,"column":10},"end":{"line":111,"column":11}},"type":"if","locations":[{"start":{"line":109,"column":10},"end":{"line":111,"column":11}},{"start":{},"end":{}}],"line":109},"9":{"loc":{"start":{"line":123,"column":6},"end":{"line":125,"column":7}},"type":"if","locations":[{"start":{"line":123,"column":6},"end":{"line":125,"column":7}},{"start":{},"end":{}}],"line":123},"10":{"loc":{"start":{"line":124,"column":29},"end":{"line":124,"column":86}},"type":"cond-expr","locations":[{"start":{"line":124,"column":54},"end":{"line":124,"column":59}},{"start":{"line":124,"column":62},"end":{"line":124,"column":86}}],"line":124},"11":{"loc":{"start":{"line":136,"column":6},"end":{"line":139,"column":7}},"type":"if","locations":[{"start":{"line":136,"column":6},"end":{"line":139,"column":7}},{"start":{},"end":{}}],"line":136},"12":{"loc":{"start":{"line":136,"column":10},"end":{"line":136,"column":40}},"type":"binary-expr","locations":[{"start":{"line":136,"column":10},"end":{"line":136,"column":22}},{"start":{"line":136,"column":26},"end":{"line":136,"column":40}}],"line":136},"13":{"loc":{"start":{"line":148,"column":6},"end":{"line":150,"column":7}},"type":"if","locations":[{"start":{"line":148,"column":6},"end":{"line":150,"column":7}},{"start":{},"end":{}}],"line":148},"14":{"loc":{"start":{"line":149,"column":29},"end":{"line":149,"column":86}},"type":"cond-expr","locations":[{"start":{"line":149,"column":54},"end":{"line":149,"column":59}},{"start":{"line":149,"column":62},"end":{"line":149,"column":86}}],"line":149},"15":{"loc":{"start":{"line":179,"column":14},"end":{"line":179,"column":49}},"type":"default-arg","locations":[{"start":{"line":179,"column":47},"end":{"line":179,"column":49}}],"line":179},"16":{"loc":{"start":{"line":200,"column":8},"end":{"line":207,"column":9}},"type":"if","locations":[{"start":{"line":200,"column":8},"end":{"line":207,"column":9}},{"start":{},"end":{}}],"line":200},"17":{"loc":{"start":{"line":204,"column":10},"end":{"line":206,"column":11}},"type":"if","locations":[{"start":{"line":204,"column":10},"end":{"line":206,"column":11}},{"start":{},"end":{}}],"line":204},"18":{"loc":{"start":{"line":215,"column":8},"end":{"line":217,"column":9}},"type":"if","locations":[{"start":{"line":215,"column":8},"end":{"line":217,"column":9}},{"start":{},"end":{}}],"line":215},"19":{"loc":{"start":{"line":220,"column":8},"end":{"line":223,"column":9}},"type":"if","locations":[{"start":{"line":220,"column":8},"end":{"line":223,"column":9}},{"start":{},"end":{}}],"line":220},"20":{"loc":{"start":{"line":230,"column":6},"end":{"line":232,"column":7}},"type":"if","locations":[{"start":{"line":230,"column":6},"end":{"line":232,"column":7}},{"start":{},"end":{}}],"line":230},"21":{"loc":{"start":{"line":237,"column":6},"end":{"line":239,"column":7}},"type":"if","locations":[{"start":{"line":237,"column":6},"end":{"line":239,"column":7}},{"start":{},"end":{}}],"line":237},"22":{"loc":{"start":{"line":247,"column":4},"end":{"line":249,"column":5}},"type":"if","locations":[{"start":{"line":247,"column":4},"end":{"line":249,"column":5}},{"start":{},"end":{}}],"line":247},"23":{"loc":{"start":{"line":247,"column":8},"end":{"line":247,"column":69}},"type":"binary-expr","locations":[{"start":{"line":247,"column":8},"end":{"line":247,"column":26}},{"start":{"line":247,"column":30},"end":{"line":247,"column":69}}],"line":247},"24":{"loc":{"start":{"line":256,"column":4},"end":{"line":258,"column":5}},"type":"if","locations":[{"start":{"line":256,"column":4},"end":{"line":258,"column":5}},{"start":{},"end":{}}],"line":256},"25":{"loc":{"start":{"line":256,"column":8},"end":{"line":256,"column":70}},"type":"binary-expr","locations":[{"start":{"line":256,"column":8},"end":{"line":256,"column":26}},{"start":{"line":256,"column":30},"end":{"line":256,"column":70}}],"line":256},"26":{"loc":{"start":{"line":265,"column":4},"end":{"line":267,"column":5}},"type":"if","locations":[{"start":{"line":265,"column":4},"end":{"line":267,"column":5}},{"start":{},"end":{}}],"line":265},"27":{"loc":{"start":{"line":265,"column":8},"end":{"line":265,"column":67}},"type":"binary-expr","locations":[{"start":{"line":265,"column":8},"end":{"line":265,"column":26}},{"start":{"line":265,"column":30},"end":{"line":265,"column":67}}],"line":265},"28":{"loc":{"start":{"line":274,"column":11},"end":{"line":274,"column":82}},"type":"binary-expr","locations":[{"start":{"line":274,"column":11},"end":{"line":274,"column":38}},{"start":{"line":274,"column":42},"end":{"line":274,"column":82}}],"line":274},"29":{"loc":{"start":{"line":281,"column":4},"end":{"line":283,"column":5}},"type":"if","locations":[{"start":{"line":281,"column":4},"end":{"line":283,"column":5}},{"start":{},"end":{}}],"line":281},"30":{"loc":{"start":{"line":295,"column":8},"end":{"line":301,"column":9}},"type":"if","locations":[{"start":{"line":295,"column":8},"end":{"line":301,"column":9}},{"start":{"line":299,"column":15},"end":{"line":301,"column":9}}],"line":295},"31":{"loc":{"start":{"line":315,"column":8},"end":{"line":319,"column":9}},"type":"if","locations":[{"start":{"line":315,"column":8},"end":{"line":319,"column":9}},{"start":{"line":317,"column":15},"end":{"line":319,"column":9}}],"line":315},"32":{"loc":{"start":{"line":333,"column":14},"end":{"line":333,"column":52}},"type":"default-arg","locations":[{"start":{"line":333,"column":50},"end":{"line":333,"column":52}}],"line":333},"33":{"loc":{"start":{"line":350,"column":30},"end":{"line":350,"column":88}},"type":"binary-expr","locations":[{"start":{"line":350,"column":30},"end":{"line":350,"column":54}},{"start":{"line":350,"column":58},"end":{"line":350,"column":88}}],"line":350},"34":{"loc":{"start":{"line":352,"column":4},"end":{"line":355,"column":5}},"type":"if","locations":[{"start":{"line":352,"column":4},"end":{"line":355,"column":5}},{"start":{},"end":{}}],"line":352},"35":{"loc":{"start":{"line":361,"column":28},"end":{"line":361,"column":60}},"type":"binary-expr","locations":[{"start":{"line":361,"column":28},"end":{"line":361,"column":49}},{"start":{"line":361,"column":53},"end":{"line":361,"column":60}}],"line":361},"36":{"loc":{"start":{"line":362,"column":34},"end":{"line":362,"column":65}},"type":"binary-expr","locations":[{"start":{"line":362,"column":34},"end":{"line":362,"column":57}},{"start":{"line":362,"column":61},"end":{"line":362,"column":65}}],"line":362},"37":{"loc":{"start":{"line":363,"column":38},"end":{"line":363,"column":73}},"type":"binary-expr","locations":[{"start":{"line":363,"column":38},"end":{"line":363,"column":65}},{"start":{"line":363,"column":69},"end":{"line":363,"column":73}}],"line":363},"38":{"loc":{"start":{"line":372,"column":6},"end":{"line":374,"column":7}},"type":"if","locations":[{"start":{"line":372,"column":6},"end":{"line":374,"column":7}},{"start":{},"end":{}}],"line":372},"39":{"loc":{"start":{"line":381,"column":6},"end":{"line":383,"column":7}},"type":"if","locations":[{"start":{"line":381,"column":6},"end":{"line":383,"column":7}},{"start":{},"end":{}}],"line":381},"40":{"loc":{"start":{"line":390,"column":6},"end":{"line":392,"column":7}},"type":"if","locations":[{"start":{"line":390,"column":6},"end":{"line":392,"column":7}},{"start":{},"end":{}}],"line":390},"41":{"loc":{"start":{"line":395,"column":6},"end":{"line":397,"column":7}},"type":"if","locations":[{"start":{"line":395,"column":6},"end":{"line":397,"column":7}},{"start":{},"end":{}}],"line":395},"42":{"loc":{"start":{"line":395,"column":10},"end":{"line":395,"column":53}},"type":"binary-expr","locations":[{"start":{"line":395,"column":10},"end":{"line":395,"column":33}},{"start":{"line":395,"column":37},"end":{"line":395,"column":53}}],"line":395},"43":{"loc":{"start":{"line":404,"column":6},"end":{"line":406,"column":7}},"type":"if","locations":[{"start":{"line":404,"column":6},"end":{"line":406,"column":7}},{"start":{},"end":{}}],"line":404},"44":{"loc":{"start":{"line":414,"column":4},"end":{"line":417,"column":5}},"type":"if","locations":[{"start":{"line":414,"column":4},"end":{"line":417,"column":5}},{"start":{},"end":{}}],"line":414},"45":{"loc":{"start":{"line":419,"column":4},"end":{"line":431,"column":5}},"type":"if","locations":[{"start":{"line":419,"column":4},"end":{"line":431,"column":5}},{"start":{},"end":{}}],"line":419},"46":{"loc":{"start":{"line":427,"column":8},"end":{"line":429,"column":9}},"type":"if","locations":[{"start":{"line":427,"column":8},"end":{"line":429,"column":9}},{"start":{},"end":{}}],"line":427},"47":{"loc":{"start":{"line":438,"column":4},"end":{"line":445,"column":5}},"type":"if","locations":[{"start":{"line":438,"column":4},"end":{"line":445,"column":5}},{"start":{},"end":{}}],"line":438},"48":{"loc":{"start":{"line":438,"column":8},"end":{"line":438,"column":44}},"type":"binary-expr","locations":[{"start":{"line":438,"column":8},"end":{"line":438,"column":24}},{"start":{"line":438,"column":28},"end":{"line":438,"column":44}}],"line":438},"49":{"loc":{"start":{"line":459,"column":4},"end":{"line":468,"column":5}},"type":"if","locations":[{"start":{"line":459,"column":4},"end":{"line":468,"column":5}},{"start":{},"end":{}}],"line":459},"50":{"loc":{"start":{"line":464,"column":6},"end":{"line":467,"column":7}},"type":"if","locations":[{"start":{"line":464,"column":6},"end":{"line":467,"column":7}},{"start":{},"end":{}}],"line":464},"51":{"loc":{"start":{"line":480,"column":4},"end":{"line":492,"column":5}},"type":"if","locations":[{"start":{"line":480,"column":4},"end":{"line":492,"column":5}},{"start":{},"end":{}}],"line":480},"52":{"loc":{"start":{"line":481,"column":6},"end":{"line":483,"column":7}},"type":"if","locations":[{"start":{"line":481,"column":6},"end":{"line":483,"column":7}},{"start":{},"end":{}}],"line":481},"53":{"loc":{"start":{"line":485,"column":6},"end":{"line":487,"column":7}},"type":"if","locations":[{"start":{"line":485,"column":6},"end":{"line":487,"column":7}},{"start":{},"end":{}}],"line":485},"54":{"loc":{"start":{"line":489,"column":6},"end":{"line":491,"column":7}},"type":"if","locations":[{"start":{"line":489,"column":6},"end":{"line":491,"column":7}},{"start":{},"end":{}}],"line":489}},"s":{"0":0,"1":0,"2":0,"3":0,"4":0,"5":0,"6":0,"7":0,"8":0,"9":0,"10":0,"11":0,"12":0,"13":0,"14":0,"15":0,"16":0,"17":0,"18":0,"19":0,"20":0,"21":0,"22":0,"23":0,"24":0,"25":0,"26":0,"27":0,"28":0,"29":0,"30":0,"31":0,"32":0,"33":0,"34":0,"35":0,"36":0,"37":0,"38":0,"39":0,"40":0,"41":0,"42":0,"43":0,"44":0,"45":0,"46":0,"47":0,"48":0,"49":4,"50":4,"51":4,"52":4,"53":4,"54":4,"55":4,"56":4,"57":4,"58":1,"59":1,"60":1,"61":1,"62":4,"63":1,"64":1,"65":1,"66":1,"67":1,"68":1,"69":1,"70":4,"71":4,"72":1,"73":0,"74":0,"75":0,"76":2,"77":1,"78":0,"79":0,"80":0,"81":0,"82":3,"83":0,"84":0,"85":0,"86":1,"87":1,"88":1,"89":1,"90":1,"91":1,"92":0,"93":1,"94":1,"95":1,"96":1,"97":1,"98":1,"99":1,"100":0,"101":1,"102":1,"103":5,"104":5,"105":5,"106":5,"107":5,"108":5,"109":0,"110":0,"111":5,"112":5,"113":5,"114":5,"115":5,"116":0,"117":0,"118":0,"119":0,"120":0,"121":5,"122":0,"123":0,"124":0,"125":5,"126":0,"127":0,"128":0,"129":0,"130":0,"131":5,"132":0,"133":0,"134":0,"135":2,"136":0,"137":0,"138":2,"139":2,"140":2,"141":2,"142":0,"143":0,"144":0,"145":1,"146":1,"147":1,"148":1,"149":0,"150":0,"151":1,"152":1,"153":1,"154":1,"155":0,"156":0,"157":0,"158":0,"159":0,"160":0,"161":0,"162":0,"163":0,"164":0},"f":{"0":0,"1":0,"2":0,"3":0,"4":0,"5":0,"6":0,"7":0,"8":0,"9":0,"10":0,"11":4,"12":4,"13":1,"14":1,"15":1,"16":2,"17":0,"18":0,"19":3,"20":0,"21":1,"22":1,"23":1,"24":1,"25":1,"26":1,"27":5,"28":5,"29":0,"30":0,"31":0,"32":0,"33":2,"34":1,"35":0,"36":1,"37":0},"b":{"0":[0],"1":[0,0],"2":[0,0],"3":[0,0],"4":[0,0],"5":[0,0],"6":[0,0],"7":[0,0],"8":[0,0],"9":[0,0],"10":[0,0],"11":[0,0],"12":[0,0],"13":[0,0],"14":[0,0],"15":[1],"16":[1,0],"17":[1,0],"18":[1,0],"19":[1,0],"20":[1,3],"21":[0,0],"22":[1,1],"23":[2,2],"24":[0,0],"25":[0,0],"26":[0,0],"27":[0,0],"28":[3,2],"29":[0,0],"30":[1,0],"31":[1,0],"32":[2],"33":[5,0],"34":[0,5],"35":[5,0],"36":[5,0],"37":[5,0],"38":[0,0],"39":[0,0],"40":[0,0],"41":[0,0],"42":[0,0],"43":[0,0],"44":[0,2],"45":[2,0],"46":[0,0],"47":[1,0],"48":[1,1],"49":[1,0],"50":[0,1],"51":[0,0],"52":[0,0],"53":[0,0],"54":[0,0]},"_coverageSchema":"1a1c01bbd47fc00a2c39e90264f33305004495a9","hash":"d17e338e860158319c1ab410bdfe0e9a391d88be"}
,"/home/runner/workspace/client/src/lib/websocket.ts": {"path":"/home/runner/workspace/client/src/lib/websocket.ts","statementMap":{"0":{"start":{"line":26,"column":52},"end":{"line":26,"column":56}},"1":{"start":{"line":27,"column":33},"end":{"line":27,"column":37}},"2":{"start":{"line":28,"column":37},"end":{"line":28,"column":41}},"3":{"start":{"line":29,"column":34},"end":{"line":29,"column":38}},"4":{"start":{"line":30,"column":33},"end":{"line":30,"column":40}},"5":{"start":{"line":31,"column":37},"end":{"line":31,"column":51}},"6":{"start":{"line":32,"column":81},"end":{"line":32,"column":90}},"7":{"start":{"line":33,"column":65},"end":{"line":33,"column":69}},"8":{"start":{"line":34,"column":64},"end":{"line":34,"column":68}},"9":{"start":{"line":35,"column":30},"end":{"line":35,"column":31}},"10":{"start":{"line":36,"column":33},"end":{"line":36,"column":34}},"11":{"start":{"line":37,"column":32},"end":{"line":37,"column":37}},"12":{"start":{"line":47,"column":4},"end":{"line":49,"column":5}},"13":{"start":{"line":48,"column":6},"end":{"line":48,"column":55}},"14":{"start":{"line":50,"column":4},"end":{"line":50,"column":36}},"15":{"start":{"line":57,"column":4},"end":{"line":140,"column":7}},"16":{"start":{"line":58,"column":6},"end":{"line":62,"column":7}},"17":{"start":{"line":59,"column":8},"end":{"line":59,"column":74}},"18":{"start":{"line":60,"column":8},"end":{"line":60,"column":18}},"19":{"start":{"line":61,"column":8},"end":{"line":61,"column":15}},"20":{"start":{"line":64,"column":6},"end":{"line":64,"column":35}},"21":{"start":{"line":67,"column":6},"end":{"line":139,"column":7}},"22":{"start":{"line":68,"column":25},"end":{"line":68,"column":79}},"23":{"start":{"line":69,"column":21},"end":{"line":69,"column":41}},"24":{"start":{"line":70,"column":22},"end":{"line":70,"column":47}},"25":{"start":{"line":72,"column":8},"end":{"line":72,"column":64}},"26":{"start":{"line":73,"column":8},"end":{"line":73,"column":39}},"27":{"start":{"line":76,"column":8},"end":{"line":83,"column":10}},"28":{"start":{"line":77,"column":10},"end":{"line":77,"column":66}},"29":{"start":{"line":78,"column":10},"end":{"line":78,"column":38}},"30":{"start":{"line":79,"column":10},"end":{"line":79,"column":37}},"31":{"start":{"line":80,"column":10},"end":{"line":80,"column":35}},"32":{"start":{"line":81,"column":10},"end":{"line":81,"column":39}},"33":{"start":{"line":82,"column":10},"end":{"line":82,"column":20}},"34":{"start":{"line":86,"column":8},"end":{"line":106,"column":10}},"35":{"start":{"line":87,"column":10},"end":{"line":105,"column":11}},"36":{"start":{"line":88,"column":46},"end":{"line":88,"column":68}},"37":{"start":{"line":89,"column":12},"end":{"line":89,"column":72}},"38":{"start":{"line":92,"column":12},"end":{"line":95,"column":13}},"39":{"start":{"line":93,"column":14},"end":{"line":93,"column":49}},"40":{"start":{"line":94,"column":14},"end":{"line":94,"column":77}},"41":{"start":{"line":98,"column":12},"end":{"line":100,"column":13}},"42":{"start":{"line":99,"column":14},"end":{"line":99,"column":59}},"43":{"start":{"line":102,"column":12},"end":{"line":102,"column":53}},"44":{"start":{"line":104,"column":12},"end":{"line":104,"column":77}},"45":{"start":{"line":109,"column":8},"end":{"line":126,"column":10}},"46":{"start":{"line":110,"column":10},"end":{"line":110,"column":107}},"47":{"start":{"line":111,"column":10},"end":{"line":111,"column":41}},"48":{"start":{"line":112,"column":10},"end":{"line":112,"column":35}},"49":{"start":{"line":113,"column":10},"end":{"line":113,"column":47}},"50":{"start":{"line":116,"column":10},"end":{"line":125,"column":11}},"51":{"start":{"line":117,"column":12},"end":{"line":121,"column":21}},"52":{"start":{"line":118,"column":14},"end":{"line":118,"column":39}},"53":{"start":{"line":119,"column":14},"end":{"line":119,"column":128}},"54":{"start":{"line":120,"column":14},"end":{"line":120,"column":50}},"55":{"start":{"line":123,"column":12},"end":{"line":123,"column":77}},"56":{"start":{"line":124,"column":12},"end":{"line":124,"column":76}},"57":{"start":{"line":129,"column":8},"end":{"line":134,"column":10}},"58":{"start":{"line":130,"column":10},"end":{"line":130,"column":69}},"59":{"start":{"line":131,"column":10},"end":{"line":131,"column":34}},"60":{"start":{"line":132,"column":10},"end":{"line":132,"column":47}},"61":{"start":{"line":133,"column":10},"end":{"line":133,"column":24}},"62":{"start":{"line":136,"column":8},"end":{"line":136,"column":78}},"63":{"start":{"line":137,"column":8},"end":{"line":137,"column":32}},"64":{"start":{"line":138,"column":8},"end":{"line":138,"column":22}},"65":{"start":{"line":147,"column":4},"end":{"line":150,"column":5}},"66":{"start":{"line":148,"column":6},"end":{"line":148,"column":54}},"67":{"start":{"line":149,"column":6},"end":{"line":149,"column":13}},"68":{"start":{"line":152,"column":4},"end":{"line":152,"column":29}},"69":{"start":{"line":154,"column":4},"end":{"line":156,"column":5}},"70":{"start":{"line":155,"column":6},"end":{"line":155,"column":49}},"71":{"start":{"line":163,"column":4},"end":{"line":166,"column":5}},"72":{"start":{"line":164,"column":6},"end":{"line":164,"column":72}},"73":{"start":{"line":165,"column":6},"end":{"line":165,"column":13}},"74":{"start":{"line":169,"column":4},"end":{"line":196,"column":5}},"75":{"start":{"line":170,"column":6},"end":{"line":170,"column":95}},"76":{"start":{"line":172,"column":6},"end":{"line":172,"column":39}},"77":{"start":{"line":175,"column":40},"end":{"line":179,"column":7}},"78":{"start":{"line":181,"column":6},"end":{"line":181,"column":25}},"79":{"start":{"line":182,"column":6},"end":{"line":182,"column":103}},"80":{"start":{"line":185,"column":6},"end":{"line":185,"column":23}},"81":{"start":{"line":186,"column":6},"end":{"line":186,"column":39}},"82":{"start":{"line":188,"column":40},"end":{"line":192,"column":7}},"83":{"start":{"line":194,"column":6},"end":{"line":194,"column":25}},"84":{"start":{"line":195,"column":6},"end":{"line":195,"column":91}},"85":{"start":{"line":203,"column":4},"end":{"line":203,"column":76}},"86":{"start":{"line":204,"column":4},"end":{"line":204,"column":21}},"87":{"start":{"line":205,"column":4},"end":{"line":205,"column":27}},"88":{"start":{"line":208,"column":4},"end":{"line":210,"column":5}},"89":{"start":{"line":209,"column":6},"end":{"line":209,"column":45}},"90":{"start":{"line":217,"column":4},"end":{"line":220,"column":5}},"91":{"start":{"line":218,"column":6},"end":{"line":218,"column":82}},"92":{"start":{"line":219,"column":6},"end":{"line":219,"column":13}},"93":{"start":{"line":222,"column":4},"end":{"line":225,"column":5}},"94":{"start":{"line":223,"column":6},"end":{"line":223,"column":78}},"95":{"start":{"line":224,"column":6},"end":{"line":224,"column":13}},"96":{"start":{"line":227,"column":38},"end":{"line":230,"column":5}},"97":{"start":{"line":232,"column":4},"end":{"line":232,"column":23}},"98":{"start":{"line":239,"column":4},"end":{"line":242,"column":5}},"99":{"start":{"line":240,"column":6},"end":{"line":240,"column":76}},"100":{"start":{"line":241,"column":6},"end":{"line":241,"column":13}},"101":{"start":{"line":244,"column":4},"end":{"line":248,"column":5}},"102":{"start":{"line":245,"column":6},"end":{"line":245,"column":44}},"103":{"start":{"line":247,"column":6},"end":{"line":247,"column":71}},"104":{"start":{"line":255,"column":4},"end":{"line":257,"column":5}},"105":{"start":{"line":256,"column":6},"end":{"line":256,"column":47}},"106":{"start":{"line":258,"column":4},"end":{"line":258,"column":49}},"107":{"start":{"line":265,"column":22},"end":{"line":265,"column":51}},"108":{"start":{"line":266,"column":4},"end":{"line":271,"column":5}},"109":{"start":{"line":267,"column":6},"end":{"line":267,"column":33}},"110":{"start":{"line":268,"column":6},"end":{"line":270,"column":7}},"111":{"start":{"line":269,"column":8},"end":{"line":269,"column":41}},"112":{"start":{"line":278,"column":22},"end":{"line":278,"column":51}},"113":{"start":{"line":279,"column":4},"end":{"line":287,"column":5}},"114":{"start":{"line":280,"column":6},"end":{"line":286,"column":9}},"115":{"start":{"line":281,"column":8},"end":{"line":285,"column":9}},"116":{"start":{"line":282,"column":10},"end":{"line":282,"column":25}},"117":{"start":{"line":284,"column":10},"end":{"line":284,"column":79}},"118":{"start":{"line":294,"column":4},"end":{"line":297,"column":5}},"119":{"start":{"line":295,"column":6},"end":{"line":295,"column":27}},"120":{"start":{"line":296,"column":6},"end":{"line":296,"column":45}},"121":{"start":{"line":305,"column":4},"end":{"line":307,"column":5}},"122":{"start":{"line":306,"column":6},"end":{"line":306,"column":39}},"123":{"start":{"line":310,"column":4},"end":{"line":317,"column":14}},"124":{"start":{"line":311,"column":6},"end":{"line":316,"column":7}},"125":{"start":{"line":312,"column":8},"end":{"line":315,"column":11}},"126":{"start":{"line":324,"column":4},"end":{"line":327,"column":5}},"127":{"start":{"line":325,"column":6},"end":{"line":325,"column":39}},"128":{"start":{"line":326,"column":6},"end":{"line":326,"column":31}},"129":{"start":{"line":329,"column":4},"end":{"line":332,"column":5}},"130":{"start":{"line":330,"column":6},"end":{"line":330,"column":40}},"131":{"start":{"line":331,"column":6},"end":{"line":331,"column":33}},"132":{"start":{"line":339,"column":4},"end":{"line":339,"column":23}},"133":{"start":{"line":346,"column":4},"end":{"line":346,"column":26}},"134":{"start":{"line":353,"column":4},"end":{"line":353,"column":21}},"135":{"start":{"line":360,"column":4},"end":{"line":360,"column":29}},"136":{"start":{"line":367,"column":4},"end":{"line":367,"column":19}},"137":{"start":{"line":374,"column":4},"end":{"line":374,"column":27}},"138":{"start":{"line":381,"column":4},"end":{"line":381,"column":21}},"139":{"start":{"line":388,"column":4},"end":{"line":391,"column":5}},"140":{"start":{"line":389,"column":6},"end":{"line":389,"column":44}},"141":{"start":{"line":390,"column":6},"end":{"line":390,"column":38}},"142":{"start":{"line":396,"column":31},"end":{"line":396,"column":60}},"143":{"start":{"line":398,"column":24},"end":{"line":398,"column":39}}},"fnMap":{"0":{"name":"(anonymous_0)","decl":{"start":{"line":39,"column":2},"end":{"line":39,"column":3}},"loc":{"start":{"line":39,"column":24},"end":{"line":41,"column":3}},"line":39},"1":{"name":"(anonymous_1)","decl":{"start":{"line":46,"column":2},"end":{"line":46,"column":3}},"loc":{"start":{"line":46,"column":47},"end":{"line":51,"column":3}},"line":46},"2":{"name":"(anonymous_2)","decl":{"start":{"line":56,"column":2},"end":{"line":56,"column":3}},"loc":{"start":{"line":56,"column":34},"end":{"line":141,"column":3}},"line":56},"3":{"name":"(anonymous_3)","decl":{"start":{"line":57,"column":23},"end":{"line":57,"column":24}},"loc":{"start":{"line":57,"column":44},"end":{"line":140,"column":5}},"line":57},"4":{"name":"(anonymous_4)","decl":{"start":{"line":76,"column":25},"end":{"line":76,"column":26}},"loc":{"start":{"line":76,"column":31},"end":{"line":83,"column":9}},"line":76},"5":{"name":"(anonymous_5)","decl":{"start":{"line":86,"column":28},"end":{"line":86,"column":29}},"loc":{"start":{"line":86,"column":39},"end":{"line":106,"column":9}},"line":86},"6":{"name":"(anonymous_6)","decl":{"start":{"line":109,"column":26},"end":{"line":109,"column":27}},"loc":{"start":{"line":109,"column":37},"end":{"line":126,"column":9}},"line":109},"7":{"name":"(anonymous_7)","decl":{"start":{"line":117,"column":45},"end":{"line":117,"column":46}},"loc":{"start":{"line":117,"column":51},"end":{"line":121,"column":13}},"line":117},"8":{"name":"(anonymous_8)","decl":{"start":{"line":129,"column":26},"end":{"line":129,"column":27}},"loc":{"start":{"line":129,"column":37},"end":{"line":134,"column":9}},"line":129},"9":{"name":"(anonymous_9)","decl":{"start":{"line":146,"column":2},"end":{"line":146,"column":3}},"loc":{"start":{"line":146,"column":28},"end":{"line":157,"column":3}},"line":146},"10":{"name":"(anonymous_10)","decl":{"start":{"line":162,"column":2},"end":{"line":162,"column":3}},"loc":{"start":{"line":162,"column":62},"end":{"line":197,"column":3}},"line":162},"11":{"name":"(anonymous_11)","decl":{"start":{"line":202,"column":2},"end":{"line":202,"column":3}},"loc":{"start":{"line":202,"column":46},"end":{"line":211,"column":3}},"line":202},"12":{"name":"(anonymous_12)","decl":{"start":{"line":216,"column":2},"end":{"line":216,"column":3}},"loc":{"start":{"line":216,"column":47},"end":{"line":233,"column":3}},"line":216},"13":{"name":"(anonymous_13)","decl":{"start":{"line":238,"column":2},"end":{"line":238,"column":3}},"loc":{"start":{"line":238,"column":48},"end":{"line":249,"column":3}},"line":238},"14":{"name":"(anonymous_14)","decl":{"start":{"line":254,"column":2},"end":{"line":254,"column":3}},"loc":{"start":{"line":254,"column":92},"end":{"line":259,"column":3}},"line":254},"15":{"name":"(anonymous_15)","decl":{"start":{"line":264,"column":2},"end":{"line":264,"column":3}},"loc":{"start":{"line":264,"column":95},"end":{"line":272,"column":3}},"line":264},"16":{"name":"(anonymous_16)","decl":{"start":{"line":277,"column":2},"end":{"line":277,"column":3}},"loc":{"start":{"line":277,"column":70},"end":{"line":288,"column":3}},"line":277},"17":{"name":"(anonymous_17)","decl":{"start":{"line":280,"column":24},"end":{"line":280,"column":25}},"loc":{"start":{"line":280,"column":36},"end":{"line":286,"column":7}},"line":280},"18":{"name":"(anonymous_18)","decl":{"start":{"line":293,"column":2},"end":{"line":293,"column":3}},"loc":{"start":{"line":293,"column":52},"end":{"line":298,"column":3}},"line":293},"19":{"name":"(anonymous_19)","decl":{"start":{"line":303,"column":2},"end":{"line":303,"column":3}},"loc":{"start":{"line":303,"column":36},"end":{"line":318,"column":3}},"line":303},"20":{"name":"(anonymous_20)","decl":{"start":{"line":310,"column":36},"end":{"line":310,"column":37}},"loc":{"start":{"line":310,"column":42},"end":{"line":317,"column":5}},"line":310},"21":{"name":"(anonymous_21)","decl":{"start":{"line":323,"column":2},"end":{"line":323,"column":3}},"loc":{"start":{"line":323,"column":36},"end":{"line":333,"column":3}},"line":323},"22":{"name":"(anonymous_22)","decl":{"start":{"line":338,"column":2},"end":{"line":338,"column":3}},"loc":{"start":{"line":338,"column":39},"end":{"line":340,"column":3}},"line":338},"23":{"name":"(anonymous_23)","decl":{"start":{"line":345,"column":2},"end":{"line":345,"column":3}},"loc":{"start":{"line":345,"column":39},"end":{"line":347,"column":3}},"line":345},"24":{"name":"(anonymous_24)","decl":{"start":{"line":352,"column":2},"end":{"line":352,"column":3}},"loc":{"start":{"line":352,"column":36},"end":{"line":354,"column":3}},"line":352},"25":{"name":"(anonymous_25)","decl":{"start":{"line":359,"column":2},"end":{"line":359,"column":3}},"loc":{"start":{"line":359,"column":35},"end":{"line":361,"column":3}},"line":359},"26":{"name":"(anonymous_26)","decl":{"start":{"line":366,"column":2},"end":{"line":366,"column":3}},"loc":{"start":{"line":366,"column":39},"end":{"line":368,"column":3}},"line":366},"27":{"name":"(anonymous_27)","decl":{"start":{"line":373,"column":2},"end":{"line":373,"column":3}},"loc":{"start":{"line":373,"column":37},"end":{"line":375,"column":3}},"line":373},"28":{"name":"(anonymous_28)","decl":{"start":{"line":380,"column":2},"end":{"line":380,"column":3}},"loc":{"start":{"line":380,"column":44},"end":{"line":382,"column":3}},"line":380},"29":{"name":"(anonymous_29)","decl":{"start":{"line":387,"column":2},"end":{"line":387,"column":3}},"loc":{"start":{"line":387,"column":38},"end":{"line":392,"column":3}},"line":387}},"branchMap":{"0":{"loc":{"start":{"line":47,"column":4},"end":{"line":49,"column":5}},"type":"if","locations":[{"start":{"line":47,"column":4},"end":{"line":49,"column":5}},{"start":{},"end":{}}],"line":47},"1":{"loc":{"start":{"line":58,"column":6},"end":{"line":62,"column":7}},"type":"if","locations":[{"start":{"line":58,"column":6},"end":{"line":62,"column":7}},{"start":{},"end":{}}],"line":58},"2":{"loc":{"start":{"line":58,"column":10},"end":{"line":58,"column":69}},"type":"binary-expr","locations":[{"start":{"line":58,"column":10},"end":{"line":58,"column":37}},{"start":{"line":58,"column":41},"end":{"line":58,"column":69}}],"line":58},"3":{"loc":{"start":{"line":68,"column":25},"end":{"line":68,"column":79}},"type":"cond-expr","locations":[{"start":{"line":68,"column":65},"end":{"line":68,"column":71}},{"start":{"line":68,"column":74},"end":{"line":68,"column":79}}],"line":68},"4":{"loc":{"start":{"line":92,"column":12},"end":{"line":95,"column":13}},"type":"if","locations":[{"start":{"line":92,"column":12},"end":{"line":95,"column":13}},{"start":{},"end":{}}],"line":92},"5":{"loc":{"start":{"line":92,"column":16},"end":{"line":92,"column":66}},"type":"binary-expr","locations":[{"start":{"line":92,"column":16},"end":{"line":92,"column":45}},{"start":{"line":92,"column":49},"end":{"line":92,"column":66}}],"line":92},"6":{"loc":{"start":{"line":98,"column":12},"end":{"line":100,"column":13}},"type":"if","locations":[{"start":{"line":98,"column":12},"end":{"line":100,"column":13}},{"start":{},"end":{}}],"line":98},"7":{"loc":{"start":{"line":110,"column":76},"end":{"line":110,"column":103}},"type":"binary-expr","locations":[{"start":{"line":110,"column":76},"end":{"line":110,"column":88}},{"start":{"line":110,"column":92},"end":{"line":110,"column":103}}],"line":110},"8":{"loc":{"start":{"line":116,"column":10},"end":{"line":125,"column":11}},"type":"if","locations":[{"start":{"line":116,"column":10},"end":{"line":125,"column":11}},{"start":{"line":122,"column":17},"end":{"line":125,"column":11}}],"line":116},"9":{"loc":{"start":{"line":147,"column":4},"end":{"line":150,"column":5}},"type":"if","locations":[{"start":{"line":147,"column":4},"end":{"line":150,"column":5}},{"start":{},"end":{}}],"line":147},"10":{"loc":{"start":{"line":147,"column":8},"end":{"line":147,"column":50}},"type":"binary-expr","locations":[{"start":{"line":147,"column":8},"end":{"line":147,"column":16}},{"start":{"line":147,"column":20},"end":{"line":147,"column":50}}],"line":147},"11":{"loc":{"start":{"line":154,"column":4},"end":{"line":156,"column":5}},"type":"if","locations":[{"start":{"line":154,"column":4},"end":{"line":156,"column":5}},{"start":{},"end":{}}],"line":154},"12":{"loc":{"start":{"line":163,"column":4},"end":{"line":166,"column":5}},"type":"if","locations":[{"start":{"line":163,"column":4},"end":{"line":166,"column":5}},{"start":{},"end":{}}],"line":163},"13":{"loc":{"start":{"line":163,"column":8},"end":{"line":163,"column":57}},"type":"binary-expr","locations":[{"start":{"line":163,"column":8},"end":{"line":163,"column":16}},{"start":{"line":163,"column":20},"end":{"line":163,"column":57}}],"line":163},"14":{"loc":{"start":{"line":169,"column":4},"end":{"line":196,"column":5}},"type":"if","locations":[{"start":{"line":169,"column":4},"end":{"line":196,"column":5}},{"start":{"line":183,"column":11},"end":{"line":196,"column":5}}],"line":169},"15":{"loc":{"start":{"line":169,"column":8},"end":{"line":169,"column":36}},"type":"binary-expr","locations":[{"start":{"line":169,"column":8},"end":{"line":169,"column":23}},{"start":{"line":169,"column":27},"end":{"line":169,"column":36}}],"line":169},"16":{"loc":{"start":{"line":208,"column":4},"end":{"line":210,"column":5}},"type":"if","locations":[{"start":{"line":208,"column":4},"end":{"line":210,"column":5}},{"start":{},"end":{}}],"line":208},"17":{"loc":{"start":{"line":208,"column":8},"end":{"line":208,"column":56}},"type":"binary-expr","locations":[{"start":{"line":208,"column":8},"end":{"line":208,"column":15}},{"start":{"line":208,"column":19},"end":{"line":208,"column":56}}],"line":208},"18":{"loc":{"start":{"line":217,"column":4},"end":{"line":220,"column":5}},"type":"if","locations":[{"start":{"line":217,"column":4},"end":{"line":220,"column":5}},{"start":{},"end":{}}],"line":217},"19":{"loc":{"start":{"line":217,"column":8},"end":{"line":217,"column":57}},"type":"binary-expr","locations":[{"start":{"line":217,"column":8},"end":{"line":217,"column":16}},{"start":{"line":217,"column":20},"end":{"line":217,"column":57}}],"line":217},"20":{"loc":{"start":{"line":222,"column":4},"end":{"line":225,"column":5}},"type":"if","locations":[{"start":{"line":222,"column":4},"end":{"line":225,"column":5}},{"start":{},"end":{}}],"line":222},"21":{"loc":{"start":{"line":239,"column":4},"end":{"line":242,"column":5}},"type":"if","locations":[{"start":{"line":239,"column":4},"end":{"line":242,"column":5}},{"start":{},"end":{}}],"line":239},"22":{"loc":{"start":{"line":239,"column":8},"end":{"line":239,"column":57}},"type":"binary-expr","locations":[{"start":{"line":239,"column":8},"end":{"line":239,"column":16}},{"start":{"line":239,"column":20},"end":{"line":239,"column":57}}],"line":239},"23":{"loc":{"start":{"line":255,"column":4},"end":{"line":257,"column":5}},"type":"if","locations":[{"start":{"line":255,"column":4},"end":{"line":257,"column":5}},{"start":{},"end":{}}],"line":255},"24":{"loc":{"start":{"line":266,"column":4},"end":{"line":271,"column":5}},"type":"if","locations":[{"start":{"line":266,"column":4},"end":{"line":271,"column":5}},{"start":{},"end":{}}],"line":266},"25":{"loc":{"start":{"line":268,"column":6},"end":{"line":270,"column":7}},"type":"if","locations":[{"start":{"line":268,"column":6},"end":{"line":270,"column":7}},{"start":{},"end":{}}],"line":268},"26":{"loc":{"start":{"line":279,"column":4},"end":{"line":287,"column":5}},"type":"if","locations":[{"start":{"line":279,"column":4},"end":{"line":287,"column":5}},{"start":{},"end":{}}],"line":279},"27":{"loc":{"start":{"line":294,"column":4},"end":{"line":297,"column":5}},"type":"if","locations":[{"start":{"line":294,"column":4},"end":{"line":297,"column":5}},{"start":{},"end":{}}],"line":294},"28":{"loc":{"start":{"line":305,"column":4},"end":{"line":307,"column":5}},"type":"if","locations":[{"start":{"line":305,"column":4},"end":{"line":307,"column":5}},{"start":{},"end":{}}],"line":305},"29":{"loc":{"start":{"line":311,"column":6},"end":{"line":316,"column":7}},"type":"if","locations":[{"start":{"line":311,"column":6},"end":{"line":316,"column":7}},{"start":{},"end":{}}],"line":311},"30":{"loc":{"start":{"line":311,"column":10},"end":{"line":311,"column":58}},"type":"binary-expr","locations":[{"start":{"line":311,"column":10},"end":{"line":311,"column":17}},{"start":{"line":311,"column":21},"end":{"line":311,"column":58}}],"line":311},"31":{"loc":{"start":{"line":324,"column":4},"end":{"line":327,"column":5}},"type":"if","locations":[{"start":{"line":324,"column":4},"end":{"line":327,"column":5}},{"start":{},"end":{}}],"line":324},"32":{"loc":{"start":{"line":329,"column":4},"end":{"line":332,"column":5}},"type":"if","locations":[{"start":{"line":329,"column":4},"end":{"line":332,"column":5}},{"start":{},"end":{}}],"line":329},"33":{"loc":{"start":{"line":388,"column":4},"end":{"line":391,"column":5}},"type":"if","locations":[{"start":{"line":388,"column":4},"end":{"line":391,"column":5}},{"start":{},"end":{}}],"line":388}},"s":{"0":0,"1":0,"2":0,"3":0,"4":0,"5":0,"6":0,"7":0,"8":0,"9":0,"10":0,"11":0,"12":0,"13":0,"14":0,"15":0,"16":0,"17":0,"18":0,"19":0,"20":0,"21":0,"22":0,"23":0,"24":0,"25":0,"26":0,"27":0,"28":0,"29":0,"30":0,"31":0,"32":0,"33":0,"34":0,"35":0,"36":0,"37":0,"38":0,"39":0,"40":0,"41":0,"42":0,"43":0,"44":0,"45":0,"46":0,"47":0,"48":0,"49":0,"50":0,"51":0,"52":0,"53":0,"54":0,"55":0,"56":0,"57":0,"58":0,"59":0,"60":0,"61":0,"62":0,"63":0,"64":0,"65":0,"66":0,"67":0,"68":0,"69":0,"70":0,"71":0,"72":0,"73":0,"74":0,"75":0,"76":0,"77":0,"78":0,"79":0,"80":0,"81":0,"82":0,"83":0,"84":0,"85":0,"86":0,"87":0,"88":0,"89":0,"90":0,"91":0,"92":0,"93":0,"94":0,"95":0,"96":0,"97":0,"98":0,"99":0,"100":0,"101":0,"102":0,"103":0,"104":0,"105":0,"106":0,"107":0,"108":0,"109":0,"110":0,"111":0,"112":0,"113":0,"114":0,"115":0,"116":0,"117":0,"118":0,"119":0,"120":0,"121":0,"122":0,"123":0,"124":0,"125":0,"126":0,"127":0,"128":0,"129":0,"130":0,"131":0,"132":0,"133":0,"134":0,"135":0,"136":0,"137":0,"138":0,"139":0,"140":0,"141":0,"142":0,"143":0},"f":{"0":0,"1":0,"2":0,"3":0,"4":0,"5":0,"6":0,"7":0,"8":0,"9":0,"10":0,"11":0,"12":0,"13":0,"14":0,"15":0,"16":0,"17":0,"18":0,"19":0,"20":0,"21":0,"22":0,"23":0,"24":0,"25":0,"26":0,"27":0,"28":0,"29":0},"b":{"0":[0,0],"1":[0,0],"2":[0,0],"3":[0,0],"4":[0,0],"5":[0,0],"6":[0,0],"7":[0,0],"8":[0,0],"9":[0,0],"10":[0,0],"11":[0,0],"12":[0,0],"13":[0,0],"14":[0,0],"15":[0,0],"16":[0,0],"17":[0,0],"18":[0,0],"19":[0,0],"20":[0,0],"21":[0,0],"22":[0,0],"23":[0,0],"24":[0,0],"25":[0,0],"26":[0,0],"27":[0,0],"28":[0,0],"29":[0,0],"30":[0,0],"31":[0,0],"32":[0,0],"33":[0,0]}}
}
