{"/home/runner/workspace/client/src/lib/audioCapture.ts": {"path":"/home/runner/workspace/client/src/lib/audioCapture.ts","statementMap":{"0":{"start":{"line":27,"column":48},"end":{"line":27,"column":52}},"1":{"start":{"line":28,"column":39},"end":{"line":28,"column":43}},"2":{"start":{"line":29,"column":35},"end":{"line":29,"column":37}},"3":{"start":{"line":33,"column":4},"end":{"line":36,"column":6}},"4":{"start":{"line":43,"column":4},"end":{"line":93,"column":5}},"5":{"start":{"line":45,"column":6},"end":{"line":45,"column":79}},"6":{"start":{"line":48,"column":6},"end":{"line":48,"column":58}},"7":{"start":{"line":49,"column":6},"end":{"line":49,"column":31}},"8":{"start":{"line":52,"column":6},"end":{"line":61,"column":8}},"9":{"start":{"line":53,"column":8},"end":{"line":60,"column":9}},"10":{"start":{"line":54,"column":10},"end":{"line":54,"column":47}},"11":{"start":{"line":57,"column":10},"end":{"line":59,"column":11}},"12":{"start":{"line":58,"column":12},"end":{"line":58,"column":53}},"13":{"start":{"line":63,"column":6},"end":{"line":77,"column":8}},"14":{"start":{"line":65,"column":26},"end":{"line":65,"column":79}},"15":{"start":{"line":68,"column":8},"end":{"line":70,"column":9}},"16":{"start":{"line":69,"column":10},"end":{"line":69,"column":41}},"17":{"start":{"line":73,"column":8},"end":{"line":76,"column":9}},"18":{"start":{"line":74,"column":10},"end":{"line":74,"column":65}},"19":{"start":{"line":74,"column":51},"end":{"line":74,"column":63}},"20":{"start":{"line":75,"column":10},"end":{"line":75,"column":29}},"21":{"start":{"line":80,"column":6},"end":{"line":80,"column":55}},"22":{"start":{"line":83,"column":6},"end":{"line":85,"column":7}},"23":{"start":{"line":84,"column":8},"end":{"line":84,"column":31}},"24":{"start":{"line":87,"column":6},"end":{"line":87,"column":62}},"25":{"start":{"line":90,"column":6},"end":{"line":92,"column":7}},"26":{"start":{"line":91,"column":8},"end":{"line":91,"column":36}},"27":{"start":{"line":100,"column":4},"end":{"line":102,"column":5}},"28":{"start":{"line":101,"column":6},"end":{"line":101,"column":32}},"29":{"start":{"line":109,"column":4},"end":{"line":111,"column":5}},"30":{"start":{"line":110,"column":6},"end":{"line":110,"column":33}},"31":{"start":{"line":118,"column":4},"end":{"line":120,"column":5}},"32":{"start":{"line":119,"column":6},"end":{"line":119,"column":34}},"33":{"start":{"line":127,"column":4},"end":{"line":127,"column":83}},"34":{"start":{"line":134,"column":4},"end":{"line":136,"column":5}},"35":{"start":{"line":135,"column":6},"end":{"line":135,"column":18}},"36":{"start":{"line":138,"column":4},"end":{"line":138,"column":65}},"37":{"start":{"line":145,"column":4},"end":{"line":158,"column":7}},"38":{"start":{"line":146,"column":21},"end":{"line":146,"column":37}},"39":{"start":{"line":147,"column":6},"end":{"line":155,"column":8}},"40":{"start":{"line":148,"column":8},"end":{"line":154,"column":9}},"41":{"start":{"line":150,"column":29},"end":{"line":150,"column":56}},"42":{"start":{"line":151,"column":10},"end":{"line":151,"column":30}},"43":{"start":{"line":153,"column":10},"end":{"line":153,"column":64}},"44":{"start":{"line":156,"column":6},"end":{"line":156,"column":30}},"45":{"start":{"line":157,"column":6},"end":{"line":157,"column":33}},"46":{"start":{"line":165,"column":4},"end":{"line":176,"column":7}},"47":{"start":{"line":166,"column":21},"end":{"line":166,"column":37}},"48":{"start":{"line":167,"column":6},"end":{"line":173,"column":8}},"49":{"start":{"line":168,"column":8},"end":{"line":172,"column":9}},"50":{"start":{"line":169,"column":10},"end":{"line":169,"column":33}},"51":{"start":{"line":171,"column":10},"end":{"line":171,"column":69}},"52":{"start":{"line":174,"column":6},"end":{"line":174,"column":30}},"53":{"start":{"line":175,"column":6},"end":{"line":175,"column":37}},"54":{"start":{"line":182,"column":50},"end":{"line":182,"column":54}},"55":{"start":{"line":184,"column":33},"end":{"line":184,"column":38}},"56":{"start":{"line":187,"column":4},"end":{"line":192,"column":6}},"57":{"start":{"line":195,"column":4},"end":{"line":195,"column":33}},"58":{"start":{"line":203,"column":30},"end":{"line":203,"column":88}},"59":{"start":{"line":205,"column":4},"end":{"line":208,"column":5}},"60":{"start":{"line":206,"column":6},"end":{"line":206,"column":72}},"61":{"start":{"line":207,"column":6},"end":{"line":207,"column":13}},"62":{"start":{"line":211,"column":4},"end":{"line":211,"column":47}},"63":{"start":{"line":214,"column":4},"end":{"line":214,"column":61}},"64":{"start":{"line":215,"column":4},"end":{"line":215,"column":66}},"65":{"start":{"line":216,"column":4},"end":{"line":216,"column":74}},"66":{"start":{"line":219,"column":4},"end":{"line":228,"column":6}},"67":{"start":{"line":220,"column":26},"end":{"line":220,"column":43}},"68":{"start":{"line":221,"column":25},"end":{"line":221,"column":65}},"69":{"start":{"line":222,"column":22},"end":{"line":222,"column":56}},"70":{"start":{"line":225,"column":6},"end":{"line":227,"column":7}},"71":{"start":{"line":226,"column":8},"end":{"line":226,"column":51}},"72":{"start":{"line":230,"column":4},"end":{"line":237,"column":6}},"73":{"start":{"line":231,"column":6},"end":{"line":231,"column":30}},"74":{"start":{"line":234,"column":6},"end":{"line":236,"column":7}},"75":{"start":{"line":235,"column":8},"end":{"line":235,"column":31}},"76":{"start":{"line":239,"column":4},"end":{"line":251,"column":6}},"77":{"start":{"line":240,"column":6},"end":{"line":240,"column":31}},"78":{"start":{"line":243,"column":6},"end":{"line":245,"column":7}},"79":{"start":{"line":244,"column":8},"end":{"line":244,"column":29}},"80":{"start":{"line":248,"column":6},"end":{"line":250,"column":7}},"81":{"start":{"line":249,"column":8},"end":{"line":249,"column":34}},"82":{"start":{"line":253,"column":4},"end":{"line":260,"column":6}},"83":{"start":{"line":254,"column":6},"end":{"line":254,"column":62}},"84":{"start":{"line":257,"column":6},"end":{"line":259,"column":7}},"85":{"start":{"line":258,"column":8},"end":{"line":258,"column":53}},"86":{"start":{"line":267,"column":4},"end":{"line":270,"column":5}},"87":{"start":{"line":268,"column":6},"end":{"line":268,"column":75}},"88":{"start":{"line":269,"column":6},"end":{"line":269,"column":13}},"89":{"start":{"line":272,"column":4},"end":{"line":284,"column":5}},"90":{"start":{"line":273,"column":6},"end":{"line":283,"column":7}},"91":{"start":{"line":274,"column":8},"end":{"line":274,"column":33}},"92":{"start":{"line":275,"column":8},"end":{"line":275,"column":32}},"93":{"start":{"line":277,"column":8},"end":{"line":277,"column":67}},"94":{"start":{"line":280,"column":8},"end":{"line":282,"column":9}},"95":{"start":{"line":281,"column":10},"end":{"line":281,"column":38}},"96":{"start":{"line":291,"column":4},"end":{"line":298,"column":5}},"97":{"start":{"line":292,"column":6},"end":{"line":297,"column":7}},"98":{"start":{"line":293,"column":8},"end":{"line":293,"column":32}},"99":{"start":{"line":294,"column":8},"end":{"line":294,"column":33}},"100":{"start":{"line":296,"column":8},"end":{"line":296,"column":67}},"101":{"start":{"line":305,"column":4},"end":{"line":305,"column":28}},"102":{"start":{"line":312,"column":4},"end":{"line":321,"column":5}},"103":{"start":{"line":313,"column":6},"end":{"line":313,"column":39}},"104":{"start":{"line":314,"column":6},"end":{"line":314,"column":39}},"105":{"start":{"line":317,"column":6},"end":{"line":320,"column":7}},"106":{"start":{"line":318,"column":8},"end":{"line":318,"column":20}},"107":{"start":{"line":319,"column":8},"end":{"line":319,"column":21}},"108":{"start":{"line":328,"column":4},"end":{"line":331,"column":6}},"109":{"start":{"line":333,"column":4},"end":{"line":345,"column":5}},"110":{"start":{"line":334,"column":6},"end":{"line":336,"column":7}},"111":{"start":{"line":335,"column":8},"end":{"line":335,"column":49}},"112":{"start":{"line":338,"column":6},"end":{"line":340,"column":7}},"113":{"start":{"line":339,"column":8},"end":{"line":339,"column":57}},"114":{"start":{"line":342,"column":6},"end":{"line":344,"column":7}},"115":{"start":{"line":343,"column":8},"end":{"line":343,"column":65}}},"fnMap":{"0":{"name":"(anonymous_0)","decl":{"start":{"line":32,"column":2},"end":{"line":32,"column":3}},"loc":{"start":{"line":32,"column":51},"end":{"line":37,"column":3}},"line":32},"1":{"name":"(anonymous_1)","decl":{"start":{"line":42,"column":2},"end":{"line":42,"column":3}},"loc":{"start":{"line":42,"column":31},"end":{"line":94,"column":3}},"line":42},"2":{"name":"(anonymous_2)","decl":{"start":{"line":52,"column":43},"end":{"line":52,"column":44}},"loc":{"start":{"line":52,"column":54},"end":{"line":61,"column":7}},"line":52},"3":{"name":"(anonymous_3)","decl":{"start":{"line":63,"column":34},"end":{"line":63,"column":35}},"loc":{"start":{"line":63,"column":40},"end":{"line":77,"column":7}},"line":63},"4":{"name":"(anonymous_4)","decl":{"start":{"line":74,"column":42},"end":{"line":74,"column":43}},"loc":{"start":{"line":74,"column":51},"end":{"line":74,"column":63}},"line":74},"5":{"name":"(anonymous_5)","decl":{"start":{"line":99,"column":2},"end":{"line":99,"column":3}},"loc":{"start":{"line":99,"column":15},"end":{"line":103,"column":3}},"line":99},"6":{"name":"(anonymous_6)","decl":{"start":{"line":108,"column":2},"end":{"line":108,"column":3}},"loc":{"start":{"line":108,"column":16},"end":{"line":112,"column":3}},"line":108},"7":{"name":"(anonymous_7)","decl":{"start":{"line":117,"column":2},"end":{"line":117,"column":3}},"loc":{"start":{"line":117,"column":17},"end":{"line":121,"column":3}},"line":117},"8":{"name":"(anonymous_8)","decl":{"start":{"line":126,"column":2},"end":{"line":126,"column":3}},"loc":{"start":{"line":126,"column":25},"end":{"line":128,"column":3}},"line":126},"9":{"name":"(anonymous_9)","decl":{"start":{"line":133,"column":2},"end":{"line":133,"column":3}},"loc":{"start":{"line":133,"column":33},"end":{"line":139,"column":3}},"line":133},"10":{"name":"(anonymous_10)","decl":{"start":{"line":144,"column":2},"end":{"line":144,"column":3}},"loc":{"start":{"line":144,"column":57},"end":{"line":159,"column":3}},"line":144},"11":{"name":"(anonymous_11)","decl":{"start":{"line":145,"column":23},"end":{"line":145,"column":24}},"loc":{"start":{"line":145,"column":44},"end":{"line":158,"column":5}},"line":145},"12":{"name":"(anonymous_12)","decl":{"start":{"line":147,"column":25},"end":{"line":147,"column":26}},"loc":{"start":{"line":147,"column":31},"end":{"line":155,"column":7}},"line":147},"13":{"name":"(anonymous_13)","decl":{"start":{"line":164,"column":2},"end":{"line":164,"column":3}},"loc":{"start":{"line":164,"column":67},"end":{"line":177,"column":3}},"line":164},"14":{"name":"(anonymous_14)","decl":{"start":{"line":165,"column":23},"end":{"line":165,"column":24}},"loc":{"start":{"line":165,"column":44},"end":{"line":176,"column":5}},"line":165},"15":{"name":"(anonymous_15)","decl":{"start":{"line":167,"column":25},"end":{"line":167,"column":26}},"loc":{"start":{"line":167,"column":31},"end":{"line":173,"column":7}},"line":167},"16":{"name":"(anonymous_16)","decl":{"start":{"line":186,"column":2},"end":{"line":186,"column":3}},"loc":{"start":{"line":186,"column":54},"end":{"line":196,"column":3}},"line":186},"17":{"name":"(anonymous_17)","decl":{"start":{"line":201,"column":2},"end":{"line":201,"column":3}},"loc":{"start":{"line":201,"column":40},"end":{"line":261,"column":3}},"line":201},"18":{"name":"(anonymous_18)","decl":{"start":{"line":219,"column":32},"end":{"line":219,"column":33}},"loc":{"start":{"line":219,"column":43},"end":{"line":228,"column":5}},"line":219},"19":{"name":"(anonymous_19)","decl":{"start":{"line":230,"column":31},"end":{"line":230,"column":32}},"loc":{"start":{"line":230,"column":37},"end":{"line":237,"column":5}},"line":230},"20":{"name":"(anonymous_20)","decl":{"start":{"line":239,"column":29},"end":{"line":239,"column":30}},"loc":{"start":{"line":239,"column":35},"end":{"line":251,"column":5}},"line":239},"21":{"name":"(anonymous_21)","decl":{"start":{"line":253,"column":31},"end":{"line":253,"column":32}},"loc":{"start":{"line":253,"column":42},"end":{"line":260,"column":5}},"line":253},"22":{"name":"(anonymous_22)","decl":{"start":{"line":266,"column":2},"end":{"line":266,"column":3}},"loc":{"start":{"line":266,"column":16},"end":{"line":285,"column":3}},"line":266},"23":{"name":"(anonymous_23)","decl":{"start":{"line":290,"column":2},"end":{"line":290,"column":3}},"loc":{"start":{"line":290,"column":15},"end":{"line":299,"column":3}},"line":290},"24":{"name":"(anonymous_24)","decl":{"start":{"line":304,"column":2},"end":{"line":304,"column":3}},"loc":{"start":{"line":304,"column":27},"end":{"line":306,"column":3}},"line":304},"25":{"name":"(anonymous_25)","decl":{"start":{"line":311,"column":2},"end":{"line":311,"column":3}},"loc":{"start":{"line":311,"column":41},"end":{"line":322,"column":3}},"line":311},"26":{"name":"(anonymous_26)","decl":{"start":{"line":327,"column":2},"end":{"line":327,"column":3}},"loc":{"start":{"line":327,"column":66},"end":{"line":346,"column":3}},"line":327}},"branchMap":{"0":{"loc":{"start":{"line":32,"column":14},"end":{"line":32,"column":49}},"type":"default-arg","locations":[{"start":{"line":32,"column":47},"end":{"line":32,"column":49}}],"line":32},"1":{"loc":{"start":{"line":53,"column":8},"end":{"line":60,"column":9}},"type":"if","locations":[{"start":{"line":53,"column":8},"end":{"line":60,"column":9}},{"start":{},"end":{}}],"line":53},"2":{"loc":{"start":{"line":57,"column":10},"end":{"line":59,"column":11}},"type":"if","locations":[{"start":{"line":57,"column":10},"end":{"line":59,"column":11}},{"start":{},"end":{}}],"line":57},"3":{"loc":{"start":{"line":68,"column":8},"end":{"line":70,"column":9}},"type":"if","locations":[{"start":{"line":68,"column":8},"end":{"line":70,"column":9}},{"start":{},"end":{}}],"line":68},"4":{"loc":{"start":{"line":73,"column":8},"end":{"line":76,"column":9}},"type":"if","locations":[{"start":{"line":73,"column":8},"end":{"line":76,"column":9}},{"start":{},"end":{}}],"line":73},"5":{"loc":{"start":{"line":83,"column":6},"end":{"line":85,"column":7}},"type":"if","locations":[{"start":{"line":83,"column":6},"end":{"line":85,"column":7}},{"start":{},"end":{}}],"line":83},"6":{"loc":{"start":{"line":90,"column":6},"end":{"line":92,"column":7}},"type":"if","locations":[{"start":{"line":90,"column":6},"end":{"line":92,"column":7}},{"start":{},"end":{}}],"line":90},"7":{"loc":{"start":{"line":100,"column":4},"end":{"line":102,"column":5}},"type":"if","locations":[{"start":{"line":100,"column":4},"end":{"line":102,"column":5}},{"start":{},"end":{}}],"line":100},"8":{"loc":{"start":{"line":100,"column":8},"end":{"line":100,"column":69}},"type":"binary-expr","locations":[{"start":{"line":100,"column":8},"end":{"line":100,"column":26}},{"start":{"line":100,"column":30},"end":{"line":100,"column":69}}],"line":100},"9":{"loc":{"start":{"line":109,"column":4},"end":{"line":111,"column":5}},"type":"if","locations":[{"start":{"line":109,"column":4},"end":{"line":111,"column":5}},{"start":{},"end":{}}],"line":109},"10":{"loc":{"start":{"line":109,"column":8},"end":{"line":109,"column":70}},"type":"binary-expr","locations":[{"start":{"line":109,"column":8},"end":{"line":109,"column":26}},{"start":{"line":109,"column":30},"end":{"line":109,"column":70}}],"line":109},"11":{"loc":{"start":{"line":118,"column":4},"end":{"line":120,"column":5}},"type":"if","locations":[{"start":{"line":118,"column":4},"end":{"line":120,"column":5}},{"start":{},"end":{}}],"line":118},"12":{"loc":{"start":{"line":118,"column":8},"end":{"line":118,"column":67}},"type":"binary-expr","locations":[{"start":{"line":118,"column":8},"end":{"line":118,"column":26}},{"start":{"line":118,"column":30},"end":{"line":118,"column":67}}],"line":118},"13":{"loc":{"start":{"line":127,"column":11},"end":{"line":127,"column":82}},"type":"binary-expr","locations":[{"start":{"line":127,"column":11},"end":{"line":127,"column":38}},{"start":{"line":127,"column":42},"end":{"line":127,"column":82}}],"line":127},"14":{"loc":{"start":{"line":134,"column":4},"end":{"line":136,"column":5}},"type":"if","locations":[{"start":{"line":134,"column":4},"end":{"line":136,"column":5}},{"start":{},"end":{}}],"line":134},"15":{"loc":{"start":{"line":148,"column":8},"end":{"line":154,"column":9}},"type":"if","locations":[{"start":{"line":148,"column":8},"end":{"line":154,"column":9}},{"start":{"line":152,"column":15},"end":{"line":154,"column":9}}],"line":148},"16":{"loc":{"start":{"line":168,"column":8},"end":{"line":172,"column":9}},"type":"if","locations":[{"start":{"line":168,"column":8},"end":{"line":172,"column":9}},{"start":{"line":170,"column":15},"end":{"line":172,"column":9}}],"line":168},"17":{"loc":{"start":{"line":186,"column":14},"end":{"line":186,"column":52}},"type":"default-arg","locations":[{"start":{"line":186,"column":50},"end":{"line":186,"column":52}}],"line":186},"18":{"loc":{"start":{"line":203,"column":30},"end":{"line":203,"column":88}},"type":"binary-expr","locations":[{"start":{"line":203,"column":30},"end":{"line":203,"column":54}},{"start":{"line":203,"column":58},"end":{"line":203,"column":88}}],"line":203},"19":{"loc":{"start":{"line":205,"column":4},"end":{"line":208,"column":5}},"type":"if","locations":[{"start":{"line":205,"column":4},"end":{"line":208,"column":5}},{"start":{},"end":{}}],"line":205},"20":{"loc":{"start":{"line":214,"column":28},"end":{"line":214,"column":60}},"type":"binary-expr","locations":[{"start":{"line":214,"column":28},"end":{"line":214,"column":49}},{"start":{"line":214,"column":53},"end":{"line":214,"column":60}}],"line":214},"21":{"loc":{"start":{"line":215,"column":34},"end":{"line":215,"column":65}},"type":"binary-expr","locations":[{"start":{"line":215,"column":34},"end":{"line":215,"column":57}},{"start":{"line":215,"column":61},"end":{"line":215,"column":65}}],"line":215},"22":{"loc":{"start":{"line":216,"column":38},"end":{"line":216,"column":73}},"type":"binary-expr","locations":[{"start":{"line":216,"column":38},"end":{"line":216,"column":65}},{"start":{"line":216,"column":69},"end":{"line":216,"column":73}}],"line":216},"23":{"loc":{"start":{"line":225,"column":6},"end":{"line":227,"column":7}},"type":"if","locations":[{"start":{"line":225,"column":6},"end":{"line":227,"column":7}},{"start":{},"end":{}}],"line":225},"24":{"loc":{"start":{"line":234,"column":6},"end":{"line":236,"column":7}},"type":"if","locations":[{"start":{"line":234,"column":6},"end":{"line":236,"column":7}},{"start":{},"end":{}}],"line":234},"25":{"loc":{"start":{"line":243,"column":6},"end":{"line":245,"column":7}},"type":"if","locations":[{"start":{"line":243,"column":6},"end":{"line":245,"column":7}},{"start":{},"end":{}}],"line":243},"26":{"loc":{"start":{"line":248,"column":6},"end":{"line":250,"column":7}},"type":"if","locations":[{"start":{"line":248,"column":6},"end":{"line":250,"column":7}},{"start":{},"end":{}}],"line":248},"27":{"loc":{"start":{"line":248,"column":10},"end":{"line":248,"column":53}},"type":"binary-expr","locations":[{"start":{"line":248,"column":10},"end":{"line":248,"column":33}},{"start":{"line":248,"column":37},"end":{"line":248,"column":53}}],"line":248},"28":{"loc":{"start":{"line":257,"column":6},"end":{"line":259,"column":7}},"type":"if","locations":[{"start":{"line":257,"column":6},"end":{"line":259,"column":7}},{"start":{},"end":{}}],"line":257},"29":{"loc":{"start":{"line":267,"column":4},"end":{"line":270,"column":5}},"type":"if","locations":[{"start":{"line":267,"column":4},"end":{"line":270,"column":5}},{"start":{},"end":{}}],"line":267},"30":{"loc":{"start":{"line":272,"column":4},"end":{"line":284,"column":5}},"type":"if","locations":[{"start":{"line":272,"column":4},"end":{"line":284,"column":5}},{"start":{},"end":{}}],"line":272},"31":{"loc":{"start":{"line":280,"column":8},"end":{"line":282,"column":9}},"type":"if","locations":[{"start":{"line":280,"column":8},"end":{"line":282,"column":9}},{"start":{},"end":{}}],"line":280},"32":{"loc":{"start":{"line":291,"column":4},"end":{"line":298,"column":5}},"type":"if","locations":[{"start":{"line":291,"column":4},"end":{"line":298,"column":5}},{"start":{},"end":{}}],"line":291},"33":{"loc":{"start":{"line":291,"column":8},"end":{"line":291,"column":44}},"type":"binary-expr","locations":[{"start":{"line":291,"column":8},"end":{"line":291,"column":24}},{"start":{"line":291,"column":28},"end":{"line":291,"column":44}}],"line":291},"34":{"loc":{"start":{"line":312,"column":4},"end":{"line":321,"column":5}},"type":"if","locations":[{"start":{"line":312,"column":4},"end":{"line":321,"column":5}},{"start":{},"end":{}}],"line":312},"35":{"loc":{"start":{"line":317,"column":6},"end":{"line":320,"column":7}},"type":"if","locations":[{"start":{"line":317,"column":6},"end":{"line":320,"column":7}},{"start":{},"end":{}}],"line":317},"36":{"loc":{"start":{"line":333,"column":4},"end":{"line":345,"column":5}},"type":"if","locations":[{"start":{"line":333,"column":4},"end":{"line":345,"column":5}},{"start":{},"end":{}}],"line":333},"37":{"loc":{"start":{"line":334,"column":6},"end":{"line":336,"column":7}},"type":"if","locations":[{"start":{"line":334,"column":6},"end":{"line":336,"column":7}},{"start":{},"end":{}}],"line":334},"38":{"loc":{"start":{"line":338,"column":6},"end":{"line":340,"column":7}},"type":"if","locations":[{"start":{"line":338,"column":6},"end":{"line":340,"column":7}},{"start":{},"end":{}}],"line":338},"39":{"loc":{"start":{"line":342,"column":6},"end":{"line":344,"column":7}},"type":"if","locations":[{"start":{"line":342,"column":6},"end":{"line":344,"column":7}},{"start":{},"end":{}}],"line":342}},"s":{"0":0,"1":0,"2":0,"3":0,"4":0,"5":0,"6":0,"7":0,"8":0,"9":0,"10":0,"11":0,"12":0,"13":0,"14":0,"15":0,"16":0,"17":0,"18":0,"19":0,"20":0,"21":0,"22":0,"23":0,"24":0,"25":0,"26":0,"27":0,"28":0,"29":0,"30":0,"31":0,"32":0,"33":0,"34":0,"35":0,"36":0,"37":0,"38":0,"39":0,"40":0,"41":0,"42":0,"43":0,"44":0,"45":0,"46":0,"47":0,"48":0,"49":0,"50":0,"51":0,"52":0,"53":0,"54":0,"55":0,"56":0,"57":0,"58":0,"59":0,"60":0,"61":0,"62":0,"63":0,"64":0,"65":0,"66":0,"67":0,"68":0,"69":0,"70":0,"71":0,"72":0,"73":0,"74":0,"75":0,"76":0,"77":0,"78":0,"79":0,"80":0,"81":0,"82":0,"83":0,"84":0,"85":0,"86":0,"87":0,"88":0,"89":0,"90":0,"91":0,"92":0,"93":0,"94":0,"95":0,"96":0,"97":0,"98":0,"99":0,"100":0,"101":0,"102":0,"103":0,"104":0,"105":0,"106":0,"107":0,"108":0,"109":0,"110":0,"111":0,"112":0,"113":0,"114":0,"115":0},"f":{"0":0,"1":0,"2":0,"3":0,"4":0,"5":0,"6":0,"7":0,"8":0,"9":0,"10":0,"11":0,"12":0,"13":0,"14":0,"15":0,"16":0,"17":0,"18":0,"19":0,"20":0,"21":0,"22":0,"23":0,"24":0,"25":0,"26":0},"b":{"0":[0],"1":[0,0],"2":[0,0],"3":[0,0],"4":[0,0],"5":[0,0],"6":[0,0],"7":[0,0],"8":[0,0],"9":[0,0],"10":[0,0],"11":[0,0],"12":[0,0],"13":[0,0],"14":[0,0],"15":[0,0],"16":[0,0],"17":[0],"18":[0,0],"19":[0,0],"20":[0,0],"21":[0,0],"22":[0,0],"23":[0,0],"24":[0,0],"25":[0,0],"26":[0,0],"27":[0,0],"28":[0,0],"29":[0,0],"30":[0,0],"31":[0,0],"32":[0,0],"33":[0,0],"34":[0,0],"35":[0,0],"36":[0,0],"37":[0,0],"38":[0,0],"39":[0,0]}}
,"/home/runner/workspace/client/src/lib/websocket.ts": {"path":"/home/runner/workspace/client/src/lib/websocket.ts","statementMap":{"0":{"start":{"line":26,"column":52},"end":{"line":26,"column":56}},"1":{"start":{"line":27,"column":33},"end":{"line":27,"column":37}},"2":{"start":{"line":28,"column":37},"end":{"line":28,"column":41}},"3":{"start":{"line":29,"column":34},"end":{"line":29,"column":38}},"4":{"start":{"line":30,"column":33},"end":{"line":30,"column":40}},"5":{"start":{"line":31,"column":37},"end":{"line":31,"column":51}},"6":{"start":{"line":32,"column":81},"end":{"line":32,"column":90}},"7":{"start":{"line":33,"column":65},"end":{"line":33,"column":69}},"8":{"start":{"line":34,"column":64},"end":{"line":34,"column":68}},"9":{"start":{"line":35,"column":30},"end":{"line":35,"column":31}},"10":{"start":{"line":36,"column":33},"end":{"line":36,"column":34}},"11":{"start":{"line":46,"column":4},"end":{"line":48,"column":5}},"12":{"start":{"line":47,"column":6},"end":{"line":47,"column":55}},"13":{"start":{"line":49,"column":4},"end":{"line":49,"column":36}},"14":{"start":{"line":56,"column":4},"end":{"line":139,"column":7}},"15":{"start":{"line":57,"column":6},"end":{"line":61,"column":7}},"16":{"start":{"line":58,"column":8},"end":{"line":58,"column":74}},"17":{"start":{"line":59,"column":8},"end":{"line":59,"column":18}},"18":{"start":{"line":60,"column":8},"end":{"line":60,"column":15}},"19":{"start":{"line":63,"column":6},"end":{"line":63,"column":35}},"20":{"start":{"line":66,"column":6},"end":{"line":138,"column":7}},"21":{"start":{"line":67,"column":25},"end":{"line":67,"column":79}},"22":{"start":{"line":68,"column":21},"end":{"line":68,"column":41}},"23":{"start":{"line":69,"column":22},"end":{"line":69,"column":47}},"24":{"start":{"line":71,"column":8},"end":{"line":71,"column":64}},"25":{"start":{"line":72,"column":8},"end":{"line":72,"column":39}},"26":{"start":{"line":75,"column":8},"end":{"line":82,"column":10}},"27":{"start":{"line":76,"column":10},"end":{"line":76,"column":66}},"28":{"start":{"line":77,"column":10},"end":{"line":77,"column":38}},"29":{"start":{"line":78,"column":10},"end":{"line":78,"column":37}},"30":{"start":{"line":79,"column":10},"end":{"line":79,"column":35}},"31":{"start":{"line":80,"column":10},"end":{"line":80,"column":39}},"32":{"start":{"line":81,"column":10},"end":{"line":81,"column":20}},"33":{"start":{"line":85,"column":8},"end":{"line":105,"column":10}},"34":{"start":{"line":86,"column":10},"end":{"line":104,"column":11}},"35":{"start":{"line":87,"column":46},"end":{"line":87,"column":68}},"36":{"start":{"line":88,"column":12},"end":{"line":88,"column":72}},"37":{"start":{"line":91,"column":12},"end":{"line":94,"column":13}},"38":{"start":{"line":92,"column":14},"end":{"line":92,"column":49}},"39":{"start":{"line":93,"column":14},"end":{"line":93,"column":77}},"40":{"start":{"line":97,"column":12},"end":{"line":99,"column":13}},"41":{"start":{"line":98,"column":14},"end":{"line":98,"column":59}},"42":{"start":{"line":101,"column":12},"end":{"line":101,"column":53}},"43":{"start":{"line":103,"column":12},"end":{"line":103,"column":77}},"44":{"start":{"line":108,"column":8},"end":{"line":125,"column":10}},"45":{"start":{"line":109,"column":10},"end":{"line":109,"column":107}},"46":{"start":{"line":110,"column":10},"end":{"line":110,"column":41}},"47":{"start":{"line":111,"column":10},"end":{"line":111,"column":35}},"48":{"start":{"line":112,"column":10},"end":{"line":112,"column":47}},"49":{"start":{"line":115,"column":10},"end":{"line":124,"column":11}},"50":{"start":{"line":116,"column":12},"end":{"line":120,"column":21}},"51":{"start":{"line":117,"column":14},"end":{"line":117,"column":39}},"52":{"start":{"line":118,"column":14},"end":{"line":118,"column":128}},"53":{"start":{"line":119,"column":14},"end":{"line":119,"column":50}},"54":{"start":{"line":122,"column":12},"end":{"line":122,"column":77}},"55":{"start":{"line":123,"column":12},"end":{"line":123,"column":76}},"56":{"start":{"line":128,"column":8},"end":{"line":133,"column":10}},"57":{"start":{"line":129,"column":10},"end":{"line":129,"column":69}},"58":{"start":{"line":130,"column":10},"end":{"line":130,"column":34}},"59":{"start":{"line":131,"column":10},"end":{"line":131,"column":47}},"60":{"start":{"line":132,"column":10},"end":{"line":132,"column":24}},"61":{"start":{"line":135,"column":8},"end":{"line":135,"column":78}},"62":{"start":{"line":136,"column":8},"end":{"line":136,"column":32}},"63":{"start":{"line":137,"column":8},"end":{"line":137,"column":22}},"64":{"start":{"line":146,"column":4},"end":{"line":149,"column":5}},"65":{"start":{"line":147,"column":6},"end":{"line":147,"column":54}},"66":{"start":{"line":148,"column":6},"end":{"line":148,"column":13}},"67":{"start":{"line":151,"column":4},"end":{"line":151,"column":29}},"68":{"start":{"line":153,"column":4},"end":{"line":155,"column":5}},"69":{"start":{"line":154,"column":6},"end":{"line":154,"column":49}},"70":{"start":{"line":162,"column":4},"end":{"line":165,"column":5}},"71":{"start":{"line":163,"column":6},"end":{"line":163,"column":72}},"72":{"start":{"line":164,"column":6},"end":{"line":164,"column":13}},"73":{"start":{"line":167,"column":4},"end":{"line":167,"column":21}},"74":{"start":{"line":168,"column":4},"end":{"line":168,"column":37}},"75":{"start":{"line":170,"column":38},"end":{"line":174,"column":5}},"76":{"start":{"line":176,"column":4},"end":{"line":176,"column":23}},"77":{"start":{"line":177,"column":4},"end":{"line":177,"column":89}},"78":{"start":{"line":184,"column":4},"end":{"line":187,"column":5}},"79":{"start":{"line":185,"column":6},"end":{"line":185,"column":82}},"80":{"start":{"line":186,"column":6},"end":{"line":186,"column":13}},"81":{"start":{"line":189,"column":4},"end":{"line":192,"column":5}},"82":{"start":{"line":190,"column":6},"end":{"line":190,"column":78}},"83":{"start":{"line":191,"column":6},"end":{"line":191,"column":13}},"84":{"start":{"line":194,"column":38},"end":{"line":197,"column":5}},"85":{"start":{"line":199,"column":4},"end":{"line":199,"column":23}},"86":{"start":{"line":206,"column":4},"end":{"line":209,"column":5}},"87":{"start":{"line":207,"column":6},"end":{"line":207,"column":76}},"88":{"start":{"line":208,"column":6},"end":{"line":208,"column":13}},"89":{"start":{"line":211,"column":4},"end":{"line":215,"column":5}},"90":{"start":{"line":212,"column":6},"end":{"line":212,"column":44}},"91":{"start":{"line":214,"column":6},"end":{"line":214,"column":71}},"92":{"start":{"line":222,"column":4},"end":{"line":224,"column":5}},"93":{"start":{"line":223,"column":6},"end":{"line":223,"column":47}},"94":{"start":{"line":225,"column":4},"end":{"line":225,"column":49}},"95":{"start":{"line":232,"column":22},"end":{"line":232,"column":51}},"96":{"start":{"line":233,"column":4},"end":{"line":238,"column":5}},"97":{"start":{"line":234,"column":6},"end":{"line":234,"column":33}},"98":{"start":{"line":235,"column":6},"end":{"line":237,"column":7}},"99":{"start":{"line":236,"column":8},"end":{"line":236,"column":41}},"100":{"start":{"line":245,"column":22},"end":{"line":245,"column":51}},"101":{"start":{"line":246,"column":4},"end":{"line":254,"column":5}},"102":{"start":{"line":247,"column":6},"end":{"line":253,"column":9}},"103":{"start":{"line":248,"column":8},"end":{"line":252,"column":9}},"104":{"start":{"line":249,"column":10},"end":{"line":249,"column":25}},"105":{"start":{"line":251,"column":10},"end":{"line":251,"column":79}},"106":{"start":{"line":261,"column":4},"end":{"line":264,"column":5}},"107":{"start":{"line":262,"column":6},"end":{"line":262,"column":27}},"108":{"start":{"line":263,"column":6},"end":{"line":263,"column":45}},"109":{"start":{"line":272,"column":4},"end":{"line":274,"column":5}},"110":{"start":{"line":273,"column":6},"end":{"line":273,"column":39}},"111":{"start":{"line":277,"column":4},"end":{"line":284,"column":14}},"112":{"start":{"line":278,"column":6},"end":{"line":283,"column":7}},"113":{"start":{"line":279,"column":8},"end":{"line":282,"column":11}},"114":{"start":{"line":291,"column":4},"end":{"line":294,"column":5}},"115":{"start":{"line":292,"column":6},"end":{"line":292,"column":39}},"116":{"start":{"line":293,"column":6},"end":{"line":293,"column":31}},"117":{"start":{"line":296,"column":4},"end":{"line":299,"column":5}},"118":{"start":{"line":297,"column":6},"end":{"line":297,"column":40}},"119":{"start":{"line":298,"column":6},"end":{"line":298,"column":33}},"120":{"start":{"line":306,"column":4},"end":{"line":306,"column":23}},"121":{"start":{"line":313,"column":4},"end":{"line":313,"column":26}},"122":{"start":{"line":320,"column":4},"end":{"line":320,"column":21}},"123":{"start":{"line":327,"column":4},"end":{"line":327,"column":29}},"124":{"start":{"line":334,"column":4},"end":{"line":337,"column":5}},"125":{"start":{"line":335,"column":6},"end":{"line":335,"column":44}},"126":{"start":{"line":336,"column":6},"end":{"line":336,"column":38}},"127":{"start":{"line":342,"column":31},"end":{"line":342,"column":60}}},"fnMap":{"0":{"name":"(anonymous_0)","decl":{"start":{"line":38,"column":2},"end":{"line":38,"column":3}},"loc":{"start":{"line":38,"column":24},"end":{"line":40,"column":3}},"line":38},"1":{"name":"(anonymous_1)","decl":{"start":{"line":45,"column":2},"end":{"line":45,"column":3}},"loc":{"start":{"line":45,"column":47},"end":{"line":50,"column":3}},"line":45},"2":{"name":"(anonymous_2)","decl":{"start":{"line":55,"column":2},"end":{"line":55,"column":3}},"loc":{"start":{"line":55,"column":34},"end":{"line":140,"column":3}},"line":55},"3":{"name":"(anonymous_3)","decl":{"start":{"line":56,"column":23},"end":{"line":56,"column":24}},"loc":{"start":{"line":56,"column":44},"end":{"line":139,"column":5}},"line":56},"4":{"name":"(anonymous_4)","decl":{"start":{"line":75,"column":25},"end":{"line":75,"column":26}},"loc":{"start":{"line":75,"column":31},"end":{"line":82,"column":9}},"line":75},"5":{"name":"(anonymous_5)","decl":{"start":{"line":85,"column":28},"end":{"line":85,"column":29}},"loc":{"start":{"line":85,"column":39},"end":{"line":105,"column":9}},"line":85},"6":{"name":"(anonymous_6)","decl":{"start":{"line":108,"column":26},"end":{"line":108,"column":27}},"loc":{"start":{"line":108,"column":37},"end":{"line":125,"column":9}},"line":108},"7":{"name":"(anonymous_7)","decl":{"start":{"line":116,"column":45},"end":{"line":116,"column":46}},"loc":{"start":{"line":116,"column":51},"end":{"line":120,"column":13}},"line":116},"8":{"name":"(anonymous_8)","decl":{"start":{"line":128,"column":26},"end":{"line":128,"column":27}},"loc":{"start":{"line":128,"column":37},"end":{"line":133,"column":9}},"line":128},"9":{"name":"(anonymous_9)","decl":{"start":{"line":145,"column":2},"end":{"line":145,"column":3}},"loc":{"start":{"line":145,"column":28},"end":{"line":156,"column":3}},"line":145},"10":{"name":"(anonymous_10)","decl":{"start":{"line":161,"column":2},"end":{"line":161,"column":3}},"loc":{"start":{"line":161,"column":62},"end":{"line":178,"column":3}},"line":161},"11":{"name":"(anonymous_11)","decl":{"start":{"line":183,"column":2},"end":{"line":183,"column":3}},"loc":{"start":{"line":183,"column":47},"end":{"line":200,"column":3}},"line":183},"12":{"name":"(anonymous_12)","decl":{"start":{"line":205,"column":2},"end":{"line":205,"column":3}},"loc":{"start":{"line":205,"column":48},"end":{"line":216,"column":3}},"line":205},"13":{"name":"(anonymous_13)","decl":{"start":{"line":221,"column":2},"end":{"line":221,"column":3}},"loc":{"start":{"line":221,"column":92},"end":{"line":226,"column":3}},"line":221},"14":{"name":"(anonymous_14)","decl":{"start":{"line":231,"column":2},"end":{"line":231,"column":3}},"loc":{"start":{"line":231,"column":95},"end":{"line":239,"column":3}},"line":231},"15":{"name":"(anonymous_15)","decl":{"start":{"line":244,"column":2},"end":{"line":244,"column":3}},"loc":{"start":{"line":244,"column":70},"end":{"line":255,"column":3}},"line":244},"16":{"name":"(anonymous_16)","decl":{"start":{"line":247,"column":24},"end":{"line":247,"column":25}},"loc":{"start":{"line":247,"column":36},"end":{"line":253,"column":7}},"line":247},"17":{"name":"(anonymous_17)","decl":{"start":{"line":260,"column":2},"end":{"line":260,"column":3}},"loc":{"start":{"line":260,"column":52},"end":{"line":265,"column":3}},"line":260},"18":{"name":"(anonymous_18)","decl":{"start":{"line":270,"column":2},"end":{"line":270,"column":3}},"loc":{"start":{"line":270,"column":36},"end":{"line":285,"column":3}},"line":270},"19":{"name":"(anonymous_19)","decl":{"start":{"line":277,"column":36},"end":{"line":277,"column":37}},"loc":{"start":{"line":277,"column":42},"end":{"line":284,"column":5}},"line":277},"20":{"name":"(anonymous_20)","decl":{"start":{"line":290,"column":2},"end":{"line":290,"column":3}},"loc":{"start":{"line":290,"column":36},"end":{"line":300,"column":3}},"line":290},"21":{"name":"(anonymous_21)","decl":{"start":{"line":305,"column":2},"end":{"line":305,"column":3}},"loc":{"start":{"line":305,"column":39},"end":{"line":307,"column":3}},"line":305},"22":{"name":"(anonymous_22)","decl":{"start":{"line":312,"column":2},"end":{"line":312,"column":3}},"loc":{"start":{"line":312,"column":39},"end":{"line":314,"column":3}},"line":312},"23":{"name":"(anonymous_23)","decl":{"start":{"line":319,"column":2},"end":{"line":319,"column":3}},"loc":{"start":{"line":319,"column":36},"end":{"line":321,"column":3}},"line":319},"24":{"name":"(anonymous_24)","decl":{"start":{"line":326,"column":2},"end":{"line":326,"column":3}},"loc":{"start":{"line":326,"column":35},"end":{"line":328,"column":3}},"line":326},"25":{"name":"(anonymous_25)","decl":{"start":{"line":333,"column":2},"end":{"line":333,"column":3}},"loc":{"start":{"line":333,"column":38},"end":{"line":338,"column":3}},"line":333}},"branchMap":{"0":{"loc":{"start":{"line":46,"column":4},"end":{"line":48,"column":5}},"type":"if","locations":[{"start":{"line":46,"column":4},"end":{"line":48,"column":5}},{"start":{},"end":{}}],"line":46},"1":{"loc":{"start":{"line":57,"column":6},"end":{"line":61,"column":7}},"type":"if","locations":[{"start":{"line":57,"column":6},"end":{"line":61,"column":7}},{"start":{},"end":{}}],"line":57},"2":{"loc":{"start":{"line":57,"column":10},"end":{"line":57,"column":69}},"type":"binary-expr","locations":[{"start":{"line":57,"column":10},"end":{"line":57,"column":37}},{"start":{"line":57,"column":41},"end":{"line":57,"column":69}}],"line":57},"3":{"loc":{"start":{"line":67,"column":25},"end":{"line":67,"column":79}},"type":"cond-expr","locations":[{"start":{"line":67,"column":65},"end":{"line":67,"column":71}},{"start":{"line":67,"column":74},"end":{"line":67,"column":79}}],"line":67},"4":{"loc":{"start":{"line":91,"column":12},"end":{"line":94,"column":13}},"type":"if","locations":[{"start":{"line":91,"column":12},"end":{"line":94,"column":13}},{"start":{},"end":{}}],"line":91},"5":{"loc":{"start":{"line":91,"column":16},"end":{"line":91,"column":66}},"type":"binary-expr","locations":[{"start":{"line":91,"column":16},"end":{"line":91,"column":45}},{"start":{"line":91,"column":49},"end":{"line":91,"column":66}}],"line":91},"6":{"loc":{"start":{"line":97,"column":12},"end":{"line":99,"column":13}},"type":"if","locations":[{"start":{"line":97,"column":12},"end":{"line":99,"column":13}},{"start":{},"end":{}}],"line":97},"7":{"loc":{"start":{"line":109,"column":76},"end":{"line":109,"column":103}},"type":"binary-expr","locations":[{"start":{"line":109,"column":76},"end":{"line":109,"column":88}},{"start":{"line":109,"column":92},"end":{"line":109,"column":103}}],"line":109},"8":{"loc":{"start":{"line":115,"column":10},"end":{"line":124,"column":11}},"type":"if","locations":[{"start":{"line":115,"column":10},"end":{"line":124,"column":11}},{"start":{"line":121,"column":17},"end":{"line":124,"column":11}}],"line":115},"9":{"loc":{"start":{"line":146,"column":4},"end":{"line":149,"column":5}},"type":"if","locations":[{"start":{"line":146,"column":4},"end":{"line":149,"column":5}},{"start":{},"end":{}}],"line":146},"10":{"loc":{"start":{"line":146,"column":8},"end":{"line":146,"column":50}},"type":"binary-expr","locations":[{"start":{"line":146,"column":8},"end":{"line":146,"column":16}},{"start":{"line":146,"column":20},"end":{"line":146,"column":50}}],"line":146},"11":{"loc":{"start":{"line":153,"column":4},"end":{"line":155,"column":5}},"type":"if","locations":[{"start":{"line":153,"column":4},"end":{"line":155,"column":5}},{"start":{},"end":{}}],"line":153},"12":{"loc":{"start":{"line":162,"column":4},"end":{"line":165,"column":5}},"type":"if","locations":[{"start":{"line":162,"column":4},"end":{"line":165,"column":5}},{"start":{},"end":{}}],"line":162},"13":{"loc":{"start":{"line":162,"column":8},"end":{"line":162,"column":57}},"type":"binary-expr","locations":[{"start":{"line":162,"column":8},"end":{"line":162,"column":16}},{"start":{"line":162,"column":20},"end":{"line":162,"column":57}}],"line":162},"14":{"loc":{"start":{"line":184,"column":4},"end":{"line":187,"column":5}},"type":"if","locations":[{"start":{"line":184,"column":4},"end":{"line":187,"column":5}},{"start":{},"end":{}}],"line":184},"15":{"loc":{"start":{"line":184,"column":8},"end":{"line":184,"column":57}},"type":"binary-expr","locations":[{"start":{"line":184,"column":8},"end":{"line":184,"column":16}},{"start":{"line":184,"column":20},"end":{"line":184,"column":57}}],"line":184},"16":{"loc":{"start":{"line":189,"column":4},"end":{"line":192,"column":5}},"type":"if","locations":[{"start":{"line":189,"column":4},"end":{"line":192,"column":5}},{"start":{},"end":{}}],"line":189},"17":{"loc":{"start":{"line":206,"column":4},"end":{"line":209,"column":5}},"type":"if","locations":[{"start":{"line":206,"column":4},"end":{"line":209,"column":5}},{"start":{},"end":{}}],"line":206},"18":{"loc":{"start":{"line":206,"column":8},"end":{"line":206,"column":57}},"type":"binary-expr","locations":[{"start":{"line":206,"column":8},"end":{"line":206,"column":16}},{"start":{"line":206,"column":20},"end":{"line":206,"column":57}}],"line":206},"19":{"loc":{"start":{"line":222,"column":4},"end":{"line":224,"column":5}},"type":"if","locations":[{"start":{"line":222,"column":4},"end":{"line":224,"column":5}},{"start":{},"end":{}}],"line":222},"20":{"loc":{"start":{"line":233,"column":4},"end":{"line":238,"column":5}},"type":"if","locations":[{"start":{"line":233,"column":4},"end":{"line":238,"column":5}},{"start":{},"end":{}}],"line":233},"21":{"loc":{"start":{"line":235,"column":6},"end":{"line":237,"column":7}},"type":"if","locations":[{"start":{"line":235,"column":6},"end":{"line":237,"column":7}},{"start":{},"end":{}}],"line":235},"22":{"loc":{"start":{"line":246,"column":4},"end":{"line":254,"column":5}},"type":"if","locations":[{"start":{"line":246,"column":4},"end":{"line":254,"column":5}},{"start":{},"end":{}}],"line":246},"23":{"loc":{"start":{"line":261,"column":4},"end":{"line":264,"column":5}},"type":"if","locations":[{"start":{"line":261,"column":4},"end":{"line":264,"column":5}},{"start":{},"end":{}}],"line":261},"24":{"loc":{"start":{"line":272,"column":4},"end":{"line":274,"column":5}},"type":"if","locations":[{"start":{"line":272,"column":4},"end":{"line":274,"column":5}},{"start":{},"end":{}}],"line":272},"25":{"loc":{"start":{"line":278,"column":6},"end":{"line":283,"column":7}},"type":"if","locations":[{"start":{"line":278,"column":6},"end":{"line":283,"column":7}},{"start":{},"end":{}}],"line":278},"26":{"loc":{"start":{"line":278,"column":10},"end":{"line":278,"column":58}},"type":"binary-expr","locations":[{"start":{"line":278,"column":10},"end":{"line":278,"column":17}},{"start":{"line":278,"column":21},"end":{"line":278,"column":58}}],"line":278},"27":{"loc":{"start":{"line":291,"column":4},"end":{"line":294,"column":5}},"type":"if","locations":[{"start":{"line":291,"column":4},"end":{"line":294,"column":5}},{"start":{},"end":{}}],"line":291},"28":{"loc":{"start":{"line":296,"column":4},"end":{"line":299,"column":5}},"type":"if","locations":[{"start":{"line":296,"column":4},"end":{"line":299,"column":5}},{"start":{},"end":{}}],"line":296},"29":{"loc":{"start":{"line":334,"column":4},"end":{"line":337,"column":5}},"type":"if","locations":[{"start":{"line":334,"column":4},"end":{"line":337,"column":5}},{"start":{},"end":{}}],"line":334}},"s":{"0":0,"1":0,"2":0,"3":0,"4":0,"5":0,"6":0,"7":0,"8":0,"9":0,"10":0,"11":0,"12":0,"13":0,"14":0,"15":0,"16":0,"17":0,"18":0,"19":0,"20":0,"21":0,"22":0,"23":0,"24":0,"25":0,"26":0,"27":0,"28":0,"29":0,"30":0,"31":0,"32":0,"33":0,"34":0,"35":0,"36":0,"37":0,"38":0,"39":0,"40":0,"41":0,"42":0,"43":0,"44":0,"45":0,"46":0,"47":0,"48":0,"49":0,"50":0,"51":0,"52":0,"53":0,"54":0,"55":0,"56":0,"57":0,"58":0,"59":0,"60":0,"61":0,"62":0,"63":0,"64":0,"65":0,"66":0,"67":0,"68":0,"69":0,"70":0,"71":0,"72":0,"73":0,"74":0,"75":0,"76":0,"77":0,"78":0,"79":0,"80":0,"81":0,"82":0,"83":0,"84":0,"85":0,"86":0,"87":0,"88":0,"89":0,"90":0,"91":0,"92":0,"93":0,"94":0,"95":0,"96":0,"97":0,"98":0,"99":0,"100":0,"101":0,"102":0,"103":0,"104":0,"105":0,"106":0,"107":0,"108":0,"109":0,"110":0,"111":0,"112":0,"113":0,"114":0,"115":0,"116":0,"117":0,"118":0,"119":0,"120":0,"121":0,"122":0,"123":0,"124":0,"125":0,"126":0,"127":0},"f":{"0":0,"1":0,"2":0,"3":0,"4":0,"5":0,"6":0,"7":0,"8":0,"9":0,"10":0,"11":0,"12":0,"13":0,"14":0,"15":0,"16":0,"17":0,"18":0,"19":0,"20":0,"21":0,"22":0,"23":0,"24":0,"25":0},"b":{"0":[0,0],"1":[0,0],"2":[0,0],"3":[0,0],"4":[0,0],"5":[0,0],"6":[0,0],"7":[0,0],"8":[0,0],"9":[0,0],"10":[0,0],"11":[0,0],"12":[0,0],"13":[0,0],"14":[0,0],"15":[0,0],"16":[0,0],"17":[0,0],"18":[0,0],"19":[0,0],"20":[0,0],"21":[0,0],"22":[0,0],"23":[0,0],"24":[0,0],"25":[0,0],"26":[0,0],"27":[0,0],"28":[0,0],"29":[0,0]}}
}
