TN:
SF:client/src/lib/audioCapture.ts
FN:38,(anonymous_0)
FN:57,(anonymous_1)
FN:64,(anonymous_2)
FN:81,(anonymous_3)
FN:90,(anonymous_4)
FN:96,(anonymous_5)
FN:102,(anonymous_6)
FN:108,(anonymous_7)
FN:134,(anonymous_8)
FN:159,(anonymous_9)
FN:167,(anonymous_10)
FN:179,(anonymous_11)
FN:189,(anonymous_12)
FN:199,(anonymous_13)
FN:210,(anonymous_14)
FN:221,(anonymous_15)
FN:246,(anonymous_16)
FN:255,(anonymous_17)
FN:264,(anonymous_18)
FN:273,(anonymous_19)
FN:280,(anonymous_20)
FN:291,(anonymous_21)
FN:292,(anonymous_22)
FN:294,(anonymous_23)
FN:311,(anonymous_24)
FN:312,(anonymous_25)
FN:314,(anonymous_26)
FN:333,(anonymous_27)
FN:348,(anonymous_28)
FN:366,(anonymous_29)
FN:377,(anonymous_30)
FN:386,(anonymous_31)
FN:400,(anonymous_32)
FN:413,(anonymous_33)
FN:437,(anonymous_34)
FN:451,(anonymous_35)
FN:458,(anonymous_36)
FN:474,(anonymous_37)
FNF:38
FNH:18
FNDA:0,(anonymous_0)
FNDA:0,(anonymous_1)
FNDA:0,(anonymous_2)
FNDA:0,(anonymous_3)
FNDA:0,(anonymous_4)
FNDA:0,(anonymous_5)
FNDA:0,(anonymous_6)
FNDA:0,(anonymous_7)
FNDA:0,(anonymous_8)
FNDA:0,(anonymous_9)
FNDA:0,(anonymous_10)
FNDA:4,(anonymous_11)
FNDA:4,(anonymous_12)
FNDA:1,(anonymous_13)
FNDA:1,(anonymous_14)
FNDA:1,(anonymous_15)
FNDA:2,(anonymous_16)
FNDA:0,(anonymous_17)
FNDA:0,(anonymous_18)
FNDA:3,(anonymous_19)
FNDA:0,(anonymous_20)
FNDA:1,(anonymous_21)
FNDA:1,(anonymous_22)
FNDA:1,(anonymous_23)
FNDA:1,(anonymous_24)
FNDA:1,(anonymous_25)
FNDA:1,(anonymous_26)
FNDA:5,(anonymous_27)
FNDA:5,(anonymous_28)
FNDA:0,(anonymous_29)
FNDA:0,(anonymous_30)
FNDA:0,(anonymous_31)
FNDA:0,(anonymous_32)
FNDA:2,(anonymous_33)
FNDA:1,(anonymous_34)
FNDA:0,(anonymous_35)
FNDA:1,(anonymous_36)
FNDA:0,(anonymous_37)
DA:27,0
DA:28,0
DA:29,0
DA:45,0
DA:58,0
DA:60,0
DA:63,0
DA:64,0
DA:66,0
DA:68,0
DA:70,0
DA:71,0
DA:74,0
DA:82,0
DA:83,0
DA:84,0
DA:85,0
DA:89,0
DA:91,0
DA:92,0
DA:93,0
DA:97,0
DA:98,0
DA:99,0
DA:103,0
DA:104,0
DA:105,0
DA:109,0
DA:110,0
DA:117,0
DA:119,0
DA:121,0
DA:123,0
DA:124,0
DA:127,0
DA:135,0
DA:136,0
DA:137,0
DA:138,0
DA:141,0
DA:142,0
DA:144,0
DA:146,0
DA:148,0
DA:149,0
DA:152,0
DA:160,0
DA:168,0
DA:174,4
DA:175,4
DA:176,4
DA:180,4
DA:190,4
DA:192,4
DA:195,4
DA:196,4
DA:199,4
DA:200,1
DA:201,1
DA:204,1
DA:205,1
DA:210,4
DA:212,1
DA:215,1
DA:216,1
DA:220,1
DA:221,1
DA:222,1
DA:227,4
DA:230,4
DA:231,1
DA:234,0
DA:237,0
DA:238,0
DA:247,2
DA:248,1
DA:256,0
DA:257,0
DA:265,0
DA:266,0
DA:274,3
DA:281,0
DA:282,0
DA:285,0
DA:292,1
DA:293,1
DA:294,1
DA:295,1
DA:297,1
DA:298,1
DA:300,0
DA:303,1
DA:304,1
DA:312,1
DA:313,1
DA:314,1
DA:315,1
DA:316,1
DA:318,0
DA:321,1
DA:322,1
DA:329,5
DA:331,5
DA:334,5
DA:342,5
DA:350,5
DA:352,5
DA:353,0
DA:354,0
DA:358,5
DA:361,5
DA:362,5
DA:363,5
DA:366,5
DA:367,0
DA:368,0
DA:369,0
DA:372,0
DA:373,0
DA:377,5
DA:378,0
DA:381,0
DA:382,0
DA:386,5
DA:387,0
DA:390,0
DA:391,0
DA:395,0
DA:396,0
DA:400,5
DA:401,0
DA:404,0
DA:405,0
DA:414,2
DA:415,0
DA:416,0
DA:419,2
DA:420,2
DA:421,2
DA:422,2
DA:424,0
DA:427,0
DA:428,0
DA:438,1
DA:439,1
DA:440,1
DA:441,1
DA:443,0
DA:452,0
DA:459,1
DA:460,1
DA:461,1
DA:464,1
DA:465,0
DA:466,0
DA:475,0
DA:480,0
DA:481,0
DA:482,0
DA:485,0
DA:486,0
DA:489,0
DA:490,0
LF:163
LH:68
BRDA:38,0,0,0
BRDA:46,1,0,0
BRDA:46,1,1,0
BRDA:70,2,0,0
BRDA:70,2,1,0
BRDA:71,3,0,0
BRDA:71,3,1,0
BRDA:83,4,0,0
BRDA:83,4,1,0
BRDA:92,5,0,0
BRDA:92,5,1,0
BRDA:98,6,0,0
BRDA:98,6,1,0
BRDA:103,7,0,0
BRDA:103,7,1,0
BRDA:109,8,0,0
BRDA:109,8,1,0
BRDA:123,9,0,0
BRDA:123,9,1,0
BRDA:124,10,0,0
BRDA:124,10,1,0
BRDA:136,11,0,0
BRDA:136,11,1,0
BRDA:136,12,0,0
BRDA:136,12,1,0
BRDA:148,13,0,0
BRDA:148,13,1,0
BRDA:149,14,0,0
BRDA:149,14,1,0
BRDA:179,15,0,1
BRDA:200,16,0,1
BRDA:200,16,1,0
BRDA:204,17,0,1
BRDA:204,17,1,0
BRDA:215,18,0,1
BRDA:215,18,1,0
BRDA:220,19,0,1
BRDA:220,19,1,0
BRDA:230,20,0,1
BRDA:230,20,1,3
BRDA:237,21,0,0
BRDA:237,21,1,0
BRDA:247,22,0,1
BRDA:247,22,1,1
BRDA:247,23,0,2
BRDA:247,23,1,2
BRDA:256,24,0,0
BRDA:256,24,1,0
BRDA:256,25,0,0
BRDA:256,25,1,0
BRDA:265,26,0,0
BRDA:265,26,1,0
BRDA:265,27,0,0
BRDA:265,27,1,0
BRDA:274,28,0,3
BRDA:274,28,1,2
BRDA:281,29,0,0
BRDA:281,29,1,0
BRDA:295,30,0,1
BRDA:295,30,1,0
BRDA:315,31,0,1
BRDA:315,31,1,0
BRDA:333,32,0,2
BRDA:350,33,0,5
BRDA:350,33,1,0
BRDA:352,34,0,0
BRDA:352,34,1,5
BRDA:361,35,0,5
BRDA:361,35,1,0
BRDA:362,36,0,5
BRDA:362,36,1,0
BRDA:363,37,0,5
BRDA:363,37,1,0
BRDA:372,38,0,0
BRDA:372,38,1,0
BRDA:381,39,0,0
BRDA:381,39,1,0
BRDA:390,40,0,0
BRDA:390,40,1,0
BRDA:395,41,0,0
BRDA:395,41,1,0
BRDA:395,42,0,0
BRDA:395,42,1,0
BRDA:404,43,0,0
BRDA:404,43,1,0
BRDA:414,44,0,0
BRDA:414,44,1,2
BRDA:419,45,0,2
BRDA:419,45,1,0
BRDA:427,46,0,0
BRDA:427,46,1,0
BRDA:438,47,0,1
BRDA:438,47,1,0
BRDA:438,48,0,1
BRDA:438,48,1,1
BRDA:459,49,0,1
BRDA:459,49,1,0
BRDA:464,50,0,0
BRDA:464,50,1,1
BRDA:480,51,0,0
BRDA:480,51,1,0
BRDA:481,52,0,0
BRDA:481,52,1,0
BRDA:485,53,0,0
BRDA:485,53,1,0
BRDA:489,54,0,0
BRDA:489,54,1,0
BRF:107
BRH:28
end_of_record
TN:
SF:client/src/lib/websocket.ts
FN:39,(anonymous_0)
FN:46,(anonymous_1)
FN:56,(anonymous_2)
FN:57,(anonymous_3)
FN:76,(anonymous_4)
FN:86,(anonymous_5)
FN:109,(anonymous_6)
FN:117,(anonymous_7)
FN:129,(anonymous_8)
FN:146,(anonymous_9)
FN:162,(anonymous_10)
FN:202,(anonymous_11)
FN:216,(anonymous_12)
FN:238,(anonymous_13)
FN:254,(anonymous_14)
FN:264,(anonymous_15)
FN:277,(anonymous_16)
FN:280,(anonymous_17)
FN:293,(anonymous_18)
FN:303,(anonymous_19)
FN:310,(anonymous_20)
FN:323,(anonymous_21)
FN:338,(anonymous_22)
FN:345,(anonymous_23)
FN:352,(anonymous_24)
FN:359,(anonymous_25)
FN:366,(anonymous_26)
FN:373,(anonymous_27)
FN:380,(anonymous_28)
FN:387,(anonymous_29)
FNF:30
FNH:18
FNDA:8,(anonymous_0)
FNDA:9,(anonymous_1)
FNDA:5,(anonymous_2)
FNDA:5,(anonymous_3)
FNDA:3,(anonymous_4)
FNDA:10,(anonymous_5)
FNDA:2,(anonymous_6)
FNDA:0,(anonymous_7)
FNDA:0,(anonymous_8)
FNDA:6,(anonymous_9)
FNDA:3,(anonymous_10)
FNDA:0,(anonymous_11)
FNDA:2,(anonymous_12)
FNDA:5,(anonymous_13)
FNDA:3,(anonymous_14)
FNDA:0,(anonymous_15)
FNDA:32,(anonymous_16)
FNDA:7,(anonymous_17)
FNDA:10,(anonymous_18)
FNDA:3,(anonymous_19)
FNDA:0,(anonymous_20)
FNDA:5,(anonymous_21)
FNDA:0,(anonymous_22)
FNDA:0,(anonymous_23)
FNDA:0,(anonymous_24)
FNDA:0,(anonymous_25)
FNDA:0,(anonymous_26)
FNDA:0,(anonymous_27)
FNDA:0,(anonymous_28)
FNDA:6,(anonymous_29)
DA:26,2
DA:27,8
DA:28,8
DA:29,8
DA:30,8
DA:31,8
DA:32,8
DA:33,8
DA:34,8
DA:35,8
DA:36,8
DA:37,8
DA:47,9
DA:48,8
DA:50,9
DA:57,5
DA:58,5
DA:59,0
DA:60,0
DA:61,0
DA:64,5
DA:67,5
DA:68,5
DA:69,5
DA:70,5
DA:72,5
DA:73,5
DA:76,5
DA:77,3
DA:78,3
DA:79,3
DA:80,3
DA:81,3
DA:82,3
DA:86,5
DA:87,10
DA:88,10
DA:89,10
DA:92,10
DA:93,3
DA:94,3
DA:98,10
DA:99,7
DA:102,10
DA:104,0
DA:109,5
DA:110,2
DA:111,2
DA:112,2
DA:113,2
DA:116,2
DA:117,2
DA:118,0
DA:119,0
DA:120,0
DA:123,0
DA:124,0
DA:129,5
DA:130,0
DA:131,0
DA:132,0
DA:133,0
DA:136,0
DA:137,0
DA:138,0
DA:147,6
DA:148,3
DA:149,3
DA:152,3
DA:154,3
DA:155,3
DA:163,3
DA:164,0
DA:165,0
DA:169,3
DA:170,0
DA:172,0
DA:175,0
DA:181,0
DA:182,0
DA:185,3
DA:186,3
DA:188,3
DA:194,3
DA:195,3
DA:203,0
DA:204,0
DA:205,0
DA:208,0
DA:209,0
DA:217,2
DA:218,0
DA:219,0
DA:222,2
DA:223,0
DA:224,0
DA:227,2
DA:232,2
DA:239,5
DA:240,0
DA:241,0
DA:244,5
DA:245,5
DA:247,0
DA:255,3
DA:256,3
DA:258,3
DA:265,0
DA:266,0
DA:267,0
DA:268,0
DA:269,0
DA:278,32
DA:279,32
DA:280,7
DA:281,7
DA:282,7
DA:284,0
DA:294,10
DA:295,10
DA:296,10
DA:305,3
DA:306,0
DA:310,3
DA:311,0
DA:312,0
DA:324,5
DA:325,2
DA:326,2
DA:329,5
DA:330,0
DA:331,0
DA:339,0
DA:346,0
DA:353,0
DA:360,0
DA:367,0
DA:374,0
DA:381,0
DA:388,6
DA:389,6
DA:390,6
DA:396,2
DA:398,2
LF:144
LH:91
BRDA:47,0,0,8
BRDA:47,0,1,1
BRDA:58,1,0,0
BRDA:58,1,1,5
BRDA:58,2,0,5
BRDA:58,2,1,5
BRDA:68,3,0,1
BRDA:68,3,1,4
BRDA:92,4,0,3
BRDA:92,4,1,7
BRDA:92,5,0,10
BRDA:92,5,1,3
BRDA:98,6,0,7
BRDA:98,6,1,3
BRDA:110,7,0,2
BRDA:110,7,1,0
BRDA:116,8,0,2
BRDA:116,8,1,0
BRDA:147,9,0,3
BRDA:147,9,1,3
BRDA:147,10,0,6
BRDA:147,10,1,3
BRDA:154,11,0,3
BRDA:154,11,1,0
BRDA:163,12,0,0
BRDA:163,12,1,3
BRDA:163,13,0,3
BRDA:163,13,1,3
BRDA:169,14,0,0
BRDA:169,14,1,3
BRDA:169,15,0,3
BRDA:169,15,1,0
BRDA:208,16,0,0
BRDA:208,16,1,0
BRDA:208,17,0,0
BRDA:208,17,1,0
BRDA:217,18,0,0
BRDA:217,18,1,2
BRDA:217,19,0,2
BRDA:217,19,1,2
BRDA:222,20,0,0
BRDA:222,20,1,2
BRDA:239,21,0,0
BRDA:239,21,1,5
BRDA:239,22,0,5
BRDA:239,22,1,5
BRDA:255,23,0,3
BRDA:255,23,1,0
BRDA:266,24,0,0
BRDA:266,24,1,0
BRDA:268,25,0,0
BRDA:268,25,1,0
BRDA:279,26,0,7
BRDA:279,26,1,25
BRDA:294,27,0,10
BRDA:294,27,1,0
BRDA:305,28,0,0
BRDA:305,28,1,3
BRDA:311,29,0,0
BRDA:311,29,1,0
BRDA:311,30,0,0
BRDA:311,30,1,0
BRDA:324,31,0,2
BRDA:324,31,1,3
BRDA:329,32,0,0
BRDA:329,32,1,5
BRDA:388,33,0,6
BRDA:388,33,1,0
BRF:68
BRH:41
end_of_record
